[Log Starts]
[Log Ends]

[Log Starts]
[Log Ends]

[Log Starts]
[Log Ends]

[Log Starts]
[Log Ends]

[Log Starts]
[Log Ends]

[Log Starts]
[Log Ends]

[Log Starts]
[Log Ends]

[Log Starts]
[Log Ends]

[Log Starts]
[Log Ends]

[Log Starts]
[Log Ends]

[Log Starts]
[Log Ends]

[Log Starts]
[Log Ends]

[Log Starts]
[Log Ends]

[Log Starts]
[Log Ends]

[Log Starts]
[Log Ends]

[Log Starts]
[Log Ends]

[Log Starts]
[Log Ends]

[Log Starts]
[Log Ends]

[Log Starts]
[Log Ends]

[Log Starts]
[Log Ends]

[Log Starts]
[Log Ends]

[Log Starts]
ERROR : 2015-08-01 21:56:40,730 27276ms AccountRepository      CreateUser         - Unable to update the EntitySet 'UsersInRoles' because it has a DefiningQuery and no <InsertFunction> element exists in the <ModificationFunctionMapping> element to support the current operation.System.Data.Entity.Infrastructure.DbUpdateException: Unable to update the EntitySet 'UsersInRoles' because it has a DefiningQuery and no <InsertFunction> element exists in the <ModificationFunctionMapping> element to support the current operation. ---> System.Data.Entity.Core.UpdateException: Unable to update the EntitySet 'UsersInRoles' because it has a DefiningQuery and no <InsertFunction> element exists in the <ModificationFunctionMapping> element to support the current operation.
   於 System.Data.Entity.SqlServer.SqlGen.DmlSqlGenerator.ExpressionTranslator.Visit(DbScanExpression expression)
   於 System.Data.Entity.SqlServer.SqlGen.DmlSqlGenerator.GenerateInsertSql(DbInsertCommandTree tree, SqlGenerator sqlGenerator, List`1& parameters, Boolean generateReturningSql, Boolean upperCaseKeywords, Boolean createParameters)
   於 System.Data.Entity.SqlServer.SqlGen.SqlGenerator.GenerateSql(DbCommandTree tree, SqlVersion sqlVersion, List`1& parameters, CommandType& commandType, HashSet`1& paramsToForceNonUnicode)
   於 System.Data.Entity.SqlServer.SqlProviderServices.CreateCommand(DbProviderManifest providerManifest, DbCommandTree commandTree)
   於 System.Data.Entity.SqlServer.SqlProviderServices.CreateDbCommandDefinition(DbProviderManifest providerManifest, DbCommandTree commandTree)
   於 System.Data.Entity.Core.Common.DbProviderServices.CreateCommand(DbCommandTree commandTree, DbInterceptionContext interceptionContext)
   於 System.Data.Entity.Core.Mapping.Update.Internal.UpdateTranslator.CreateCommand(DbModificationCommandTree commandTree)
   於 System.Data.Entity.Core.Mapping.Update.Internal.DynamicUpdateCommand.CreateCommand(Dictionary`2 identifierValues)
   於 System.Data.Entity.Core.Mapping.Update.Internal.DynamicUpdateCommand.Execute(Dictionary`2 identifierValues, List`1 generatedValues)
   於 System.Data.Entity.Core.Mapping.Update.Internal.UpdateTranslator.Update()
   於 System.Data.Entity.Core.Objects.ObjectContext.ExecuteInTransaction[T](Func`1 func, IDbExecutionStrategy executionStrategy, Boolean startLocalTransaction, Boolean releaseConnectionOnSuccess)
   於 System.Data.Entity.Core.Objects.ObjectContext.SaveChangesToStore(SaveOptions options, IDbExecutionStrategy executionStrategy, Boolean startLocalTransaction)
   於 System.Data.Entity.SqlServer.DefaultSqlExecutionStrategy.Execute[TResult](Func`1 operation)
   於 System.Data.Entity.Core.Objects.ObjectContext.SaveChangesInternal(SaveOptions options, Boolean executeInExistingTransaction)
   於 System.Data.Entity.Internal.InternalContext.SaveChanges()
   --- 內部例外狀況堆疊追蹤的結尾 ---
   於 System.Data.Entity.Internal.InternalContext.SaveChanges()
   於 BLL.AccountRepository.CreateUser(User user) 於 C:\Users\Kevin Lau\Documents\Visual Studio 2013\Projects\WordCollocation2015_wc\BLL\AccountRepository.cs: 行 162

[Log Ends]

[Log Starts]
[Log Ends]

[Log Starts]
ERROR : 2015-08-01 22:11:34,230  2358ms AccountRepository      CreateUser         - 並未將物件參考設定為物件的執行個體。System.NullReferenceException: 並未將物件參考設定為物件的執行個體。
   於 BLL.AccountRepository.CreateUser(User user) 於 C:\Users\Kevin Lau\Documents\Visual Studio 2013\Projects\WordCollocation2015_wc\BLL\AccountRepository.cs: 行 164

[Log Ends]

[Log Starts]
[Log Ends]

[Log Starts]
ERROR : 2015-08-01 22:14:07,915 153163ms AccountRepository      CreateUser         - 並未將物件參考設定為物件的執行個體。System.NullReferenceException: 並未將物件參考設定為物件的執行個體。
   於 BLL.AccountRepository.CreateUser(User user) 於 C:\Users\Kevin Lau\Documents\Visual Studio 2013\Projects\WordCollocation2015_wc\BLL\AccountRepository.cs: 行 164

[Log Ends]

[Log Starts]
[Log Ends]

[Log Starts]
ERROR : 2015-08-01 22:17:12,189  2014ms AccountRepository      CreateUser         - The entity type UsersInRole is not part of the model for the current context.System.InvalidOperationException: The entity type UsersInRole is not part of the model for the current context.
   於 System.Data.Entity.Internal.InternalContext.UpdateEntitySetMappingsForType(Type entityType)
   於 System.Data.Entity.Internal.InternalContext.GetEntitySetAndBaseTypeForType(Type entityType)
   於 System.Data.Entity.Internal.Linq.InternalSet`1.Initialize()
   於 System.Data.Entity.Internal.Linq.InternalSet`1.get_InternalContext()
   於 System.Data.Entity.Internal.Linq.InternalSet`1.ActOnSet(Action action, EntityState newState, Object entity, String methodName)
   於 System.Data.Entity.Internal.Linq.InternalSet`1.Add(Object entity)
   於 System.Data.Entity.DbSet`1.Add(TEntity entity)
   於 BLL.AccountRepository.CreateUser(User user) 於 C:\Users\Kevin Lau\Documents\Visual Studio 2013\Projects\WordCollocation2015_wc\BLL\AccountRepository.cs: 行 166

ERROR : 2015-08-01 22:19:48,631 158456ms AccountRepository      CreateUser         - The entity type UsersInRole is not part of the model for the current context.System.InvalidOperationException: The entity type UsersInRole is not part of the model for the current context.
   於 System.Data.Entity.Internal.InternalContext.UpdateEntitySetMappingsForType(Type entityType)
   於 System.Data.Entity.Internal.InternalContext.GetEntitySetAndBaseTypeForType(Type entityType)
   於 System.Data.Entity.Internal.Linq.InternalSet`1.Initialize()
   於 System.Data.Entity.Internal.Linq.InternalSet`1.get_InternalContext()
   於 System.Data.Entity.Internal.Linq.InternalSet`1.ActOnSet(Action action, EntityState newState, Object entity, String methodName)
   於 System.Data.Entity.Internal.Linq.InternalSet`1.Add(Object entity)
   於 System.Data.Entity.DbSet`1.Add(TEntity entity)
   於 BLL.AccountRepository.CreateUser(User user) 於 C:\Users\Kevin Lau\Documents\Visual Studio 2013\Projects\WordCollocation2015_wc\BLL\AccountRepository.cs: 行 166

[Log Ends]

[Log Starts]
[Log Ends]

[Log Starts]
[Log Ends]

[Log Starts]
[Log Ends]

[Log Starts]
ERROR : 2015-08-01 22:44:13,010 53379ms AccountRepository      CreateUser         - Unable to update the EntitySet 'UsersInRoles' because it has a DefiningQuery and no <InsertFunction> element exists in the <ModificationFunctionMapping> element to support the current operation.System.Data.Entity.Infrastructure.DbUpdateException: Unable to update the EntitySet 'UsersInRoles' because it has a DefiningQuery and no <InsertFunction> element exists in the <ModificationFunctionMapping> element to support the current operation. ---> System.Data.Entity.Core.UpdateException: Unable to update the EntitySet 'UsersInRoles' because it has a DefiningQuery and no <InsertFunction> element exists in the <ModificationFunctionMapping> element to support the current operation.
   於 System.Data.Entity.SqlServer.SqlGen.DmlSqlGenerator.ExpressionTranslator.Visit(DbScanExpression expression)
   於 System.Data.Entity.Core.Common.CommandTrees.DbScanExpression.Accept(DbExpressionVisitor visitor)
   於 System.Data.Entity.SqlServer.SqlGen.DmlSqlGenerator.GenerateInsertSql(DbInsertCommandTree tree, SqlGenerator sqlGenerator, List`1& parameters, Boolean generateReturningSql, Boolean upperCaseKeywords, Boolean createParameters)
   於 System.Data.Entity.SqlServer.SqlGen.SqlGenerator.GenerateSql(DbCommandTree tree, SqlVersion sqlVersion, List`1& parameters, CommandType& commandType, HashSet`1& paramsToForceNonUnicode)
   於 System.Data.Entity.SqlServer.SqlProviderServices.CreateCommand(DbProviderManifest providerManifest, DbCommandTree commandTree)
   於 System.Data.Entity.SqlServer.SqlProviderServices.CreateDbCommandDefinition(DbProviderManifest providerManifest, DbCommandTree commandTree)
   於 System.Data.Entity.Core.Common.DbProviderServices.CreateDbCommandDefinition(DbProviderManifest providerManifest, DbCommandTree commandTree, DbInterceptionContext interceptionContext)
   於 System.Data.Entity.Core.Common.DbProviderServices.CreateCommandDefinition(DbCommandTree commandTree, DbInterceptionContext interceptionContext)
   於 System.Data.Entity.Core.Common.DbProviderServices.CreateCommand(DbCommandTree commandTree, DbInterceptionContext interceptionContext)
   於 System.Data.Entity.Core.Mapping.Update.Internal.UpdateTranslator.CreateCommand(DbModificationCommandTree commandTree)
   於 System.Data.Entity.Core.Mapping.Update.Internal.DynamicUpdateCommand.CreateCommand(Dictionary`2 identifierValues)
   於 System.Data.Entity.Core.Mapping.Update.Internal.DynamicUpdateCommand.Execute(Dictionary`2 identifierValues, List`1 generatedValues)
   於 System.Data.Entity.Core.Mapping.Update.Internal.UpdateTranslator.Update()
   於 System.Data.Entity.Core.EntityClient.Internal.EntityAdapter.<Update>b__2(UpdateTranslator ut)
   於 System.Data.Entity.Core.EntityClient.Internal.EntityAdapter.Update[T](T noChangesResult, Func`2 updateFunction)
   於 System.Data.Entity.Core.EntityClient.Internal.EntityAdapter.Update()
   於 System.Data.Entity.Core.Objects.ObjectContext.<SaveChangesToStore>b__35()
   於 System.Data.Entity.Core.Objects.ObjectContext.ExecuteInTransaction[T](Func`1 func, IDbExecutionStrategy executionStrategy, Boolean startLocalTransaction, Boolean releaseConnectionOnSuccess)
   於 System.Data.Entity.Core.Objects.ObjectContext.SaveChangesToStore(SaveOptions options, IDbExecutionStrategy executionStrategy, Boolean startLocalTransaction)
   於 System.Data.Entity.Core.Objects.ObjectContext.<>c__DisplayClass2a.<SaveChangesInternal>b__27()
   於 System.Data.Entity.SqlServer.DefaultSqlExecutionStrategy.Execute[TResult](Func`1 operation)
   於 System.Data.Entity.Core.Objects.ObjectContext.SaveChangesInternal(SaveOptions options, Boolean executeInExistingTransaction)
   於 System.Data.Entity.Core.Objects.ObjectContext.SaveChanges(SaveOptions options)
   於 System.Data.Entity.Internal.InternalContext.SaveChanges()
   --- 內部例外狀況堆疊追蹤的結尾 ---
   於 System.Data.Entity.Internal.InternalContext.SaveChanges()
   於 System.Data.Entity.Internal.LazyInternalContext.SaveChanges()
   於 System.Data.Entity.DbContext.SaveChanges()
   於 BLL.AccountRepository.CreateUser(User user) 於 C:\Users\Kevin Lau\Documents\Visual Studio 2013\Projects\WordCollocation2015_wc\BLL\AccountRepository.cs: 行 162

[Log Ends]

