[Log Starts]
[Log Ends]

[Log Starts]
[Log Ends]

[Log Starts]
[Log Ends]

[Log Starts]
[Log Ends]

[Log Starts]
[Log Ends]

[Log Starts]
ERROR : 2015-10-30 08:45:03,230 10394ms CollocationRepository  GetList            - Schema specified is not valid. Errors: 
The relationship 'WordCollocationModel.FK_Collocations_ColPoss' was not loaded because the type 'WordCollocationModel.Collocation' is not available.
The following information may be useful in resolving the previous error:
The property 'CollocationPattern' on the type 'BLL.Collocation' has a property type of 'BLL.CollocationPattern' which cannot be mapped to a primitive type.


The relationship 'WordCollocationModel.FK_Collocations_ColWords' was not loaded because the type 'WordCollocationModel.Collocation' is not available.
The following information may be useful in resolving the previous error:
The property 'CollocationPattern' on the type 'BLL.Collocation' has a property type of 'BLL.CollocationPattern' which cannot be mapped to a primitive type.


The relationship 'WordCollocationModel.FK_WcExamples_Collocations' was not loaded because the type 'WordCollocationModel.Collocation' is not available.
The following information may be useful in resolving the previous error:
The property 'CollocationPattern' on the type 'BLL.Collocation' has a property type of 'BLL.CollocationPattern' which cannot be mapped to a primitive type.


The relationship 'WordCollocationModel.FK_Collocations_Poss' was not loaded because the type 'WordCollocationModel.Collocation' is not available.
The following information may be useful in resolving the previous error:
The property 'CollocationPattern' on the type 'BLL.Collocation' has a property type of 'BLL.CollocationPattern' which cannot be mapped to a primitive type.


The relationship 'WordCollocationModel.FK_Collocations_Words' was not loaded because the type 'WordCollocationModel.Collocation' is not available.
The following information may be useful in resolving the previous error:
The property 'CollocationPattern' on the type 'BLL.Collocation' has a property type of 'BLL.CollocationPattern' which cannot be mapped to a primitive type.

System.Data.Entity.Core.MetadataException: Schema specified is not valid. Errors: 
The relationship 'WordCollocationModel.FK_Collocations_ColPoss' was not loaded because the type 'WordCollocationModel.Collocation' is not available.
The following information may be useful in resolving the previous error:
The property 'CollocationPattern' on the type 'BLL.Collocation' has a property type of 'BLL.CollocationPattern' which cannot be mapped to a primitive type.


The relationship 'WordCollocationModel.FK_Collocations_ColWords' was not loaded because the type 'WordCollocationModel.Collocation' is not available.
The following information may be useful in resolving the previous error:
The property 'CollocationPattern' on the type 'BLL.Collocation' has a property type of 'BLL.CollocationPattern' which cannot be mapped to a primitive type.


The relationship 'WordCollocationModel.FK_WcExamples_Collocations' was not loaded because the type 'WordCollocationModel.Collocation' is not available.
The following information may be useful in resolving the previous error:
The property 'CollocationPattern' on the type 'BLL.Collocation' has a property type of 'BLL.CollocationPattern' which cannot be mapped to a primitive type.


The relationship 'WordCollocationModel.FK_Collocations_Poss' was not loaded because the type 'WordCollocationModel.Collocation' is not available.
The following information may be useful in resolving the previous error:
The property 'CollocationPattern' on the type 'BLL.Collocation' has a property type of 'BLL.CollocationPattern' which cannot be mapped to a primitive type.


The relationship 'WordCollocationModel.FK_Collocations_Words' was not loaded because the type 'WordCollocationModel.Collocation' is not available.
The following information may be useful in resolving the previous error:
The property 'CollocationPattern' on the type 'BLL.Collocation' has a property type of 'BLL.CollocationPattern' which cannot be mapped to a primitive type.


   於 System.Data.Entity.Core.Metadata.Edm.ObjectItemCollection.LoadAssemblyFromCache(Assembly assembly, Boolean loadReferencedAssemblies, EdmItemCollection edmItemCollection, Action`1 logLoadMessage)
   於 System.Data.Entity.Core.Metadata.Edm.MetadataWorkspace.ExplicitLoadFromAssembly(Assembly assembly, ObjectItemCollection collection, Action`1 logLoadMessage)
   於 System.Data.Entity.Internal.InternalContext.TryUpdateEntitySetMappingsForType(Type entityType)
   於 System.Data.Entity.Internal.InternalContext.UpdateEntitySetMappingsForType(Type entityType)
   於 System.Data.Entity.Internal.InternalContext.GetEntitySetAndBaseTypeForType(Type entityType)
   於 System.Data.Entity.Internal.Linq.InternalSet`1.Initialize()
   於 System.Data.Entity.Internal.Linq.InternalSet`1.GetEnumerator()
   於 System.Collections.Generic.List`1..ctor(IEnumerable`1 collection)
   於 System.Linq.Enumerable.ToList[TSource](IEnumerable`1 source)
   於 BLL.CollocationRepository.GetList() 於 C:\Users\Kevin Lau\Documents\Visual Studio 2013\Projects\WordCollocation2015_wc\BLL\CollocationRepository.cs: 行 29

ERROR : 2015-10-30 08:45:03,789 10953ms CollocationRepository  GetList            - Schema specified is not valid. Errors: 
The relationship 'WordCollocationModel.FK_Collocations_ColPoss' was not loaded because the type 'WordCollocationModel.Collocation' is not available.
The following information may be useful in resolving the previous error:
The property 'CollocationPattern' on the type 'BLL.Collocation' has a property type of 'BLL.CollocationPattern' which cannot be mapped to a primitive type.


The relationship 'WordCollocationModel.FK_Collocations_ColWords' was not loaded because the type 'WordCollocationModel.Collocation' is not available.
The following information may be useful in resolving the previous error:
The property 'CollocationPattern' on the type 'BLL.Collocation' has a property type of 'BLL.CollocationPattern' which cannot be mapped to a primitive type.


The relationship 'WordCollocationModel.FK_WcExamples_Collocations' was not loaded because the type 'WordCollocationModel.Collocation' is not available.
The following information may be useful in resolving the previous error:
The property 'CollocationPattern' on the type 'BLL.Collocation' has a property type of 'BLL.CollocationPattern' which cannot be mapped to a primitive type.


The relationship 'WordCollocationModel.FK_Collocations_Poss' was not loaded because the type 'WordCollocationModel.Collocation' is not available.
The following information may be useful in resolving the previous error:
The property 'CollocationPattern' on the type 'BLL.Collocation' has a property type of 'BLL.CollocationPattern' which cannot be mapped to a primitive type.


The relationship 'WordCollocationModel.FK_Collocations_Words' was not loaded because the type 'WordCollocationModel.Collocation' is not available.
The following information may be useful in resolving the previous error:
The property 'CollocationPattern' on the type 'BLL.Collocation' has a property type of 'BLL.CollocationPattern' which cannot be mapped to a primitive type.

System.Data.Entity.Core.MetadataException: Schema specified is not valid. Errors: 
The relationship 'WordCollocationModel.FK_Collocations_ColPoss' was not loaded because the type 'WordCollocationModel.Collocation' is not available.
The following information may be useful in resolving the previous error:
The property 'CollocationPattern' on the type 'BLL.Collocation' has a property type of 'BLL.CollocationPattern' which cannot be mapped to a primitive type.


The relationship 'WordCollocationModel.FK_Collocations_ColWords' was not loaded because the type 'WordCollocationModel.Collocation' is not available.
The following information may be useful in resolving the previous error:
The property 'CollocationPattern' on the type 'BLL.Collocation' has a property type of 'BLL.CollocationPattern' which cannot be mapped to a primitive type.


The relationship 'WordCollocationModel.FK_WcExamples_Collocations' was not loaded because the type 'WordCollocationModel.Collocation' is not available.
The following information may be useful in resolving the previous error:
The property 'CollocationPattern' on the type 'BLL.Collocation' has a property type of 'BLL.CollocationPattern' which cannot be mapped to a primitive type.


The relationship 'WordCollocationModel.FK_Collocations_Poss' was not loaded because the type 'WordCollocationModel.Collocation' is not available.
The following information may be useful in resolving the previous error:
The property 'CollocationPattern' on the type 'BLL.Collocation' has a property type of 'BLL.CollocationPattern' which cannot be mapped to a primitive type.


The relationship 'WordCollocationModel.FK_Collocations_Words' was not loaded because the type 'WordCollocationModel.Collocation' is not available.
The following information may be useful in resolving the previous error:
The property 'CollocationPattern' on the type 'BLL.Collocation' has a property type of 'BLL.CollocationPattern' which cannot be mapped to a primitive type.


   於 System.Data.Entity.Core.Metadata.Edm.ObjectItemCollection.LoadAssemblyFromCache(Assembly assembly, Boolean loadReferencedAssemblies, EdmItemCollection edmItemCollection, Action`1 logLoadMessage)
   於 System.Data.Entity.Core.Metadata.Edm.MetadataWorkspace.ExplicitLoadFromAssembly(Assembly assembly, ObjectItemCollection collection, Action`1 logLoadMessage)
   於 System.Data.Entity.Internal.InternalContext.TryUpdateEntitySetMappingsForType(Type entityType)
   於 System.Data.Entity.Internal.InternalContext.UpdateEntitySetMappingsForType(Type entityType)
   於 System.Data.Entity.Internal.InternalContext.GetEntitySetAndBaseTypeForType(Type entityType)
   於 System.Data.Entity.Internal.Linq.InternalSet`1.Initialize()
   於 System.Data.Entity.Internal.Linq.InternalSet`1.GetEnumerator()
   於 System.Collections.Generic.List`1..ctor(IEnumerable`1 collection)
   於 System.Linq.Enumerable.ToList[TSource](IEnumerable`1 source)
   於 BLL.CollocationRepository.GetList() 於 C:\Users\Kevin Lau\Documents\Visual Studio 2013\Projects\WordCollocation2015_wc\BLL\CollocationRepository.cs: 行 29

[Log Ends]

[Log Starts]
[Log Ends]

[Log Starts]
[Log Ends]

[Log Starts]
[Log Ends]

[Log Starts]
[Log Ends]

[Log Starts]
[Log Ends]

[Log Starts]
[Log Ends]

[Log Starts]
[Log Ends]

[Log Starts]
[Log Ends]

