[Log Starts]
[Log Ends]

[Log Starts]
[Log Ends]

[Log Starts]
[Log Ends]

[Log Starts]
[Log Ends]

[Log Starts]
[Log Ends]

[Log Starts]
[Log Ends]

[Log Starts]
[Log Ends]

[Log Starts]
[Log Ends]

[Log Starts]
[Log Ends]

[Log Starts]
[Log Ends]

[Log Starts]
[Log Ends]

[Log Starts]
[Log Ends]

[Log Starts]
[Log Ends]

[Log Starts]
ERROR : 2015-09-19 16:06:44,285 216896ms TextHelper             Decrypt            - Bad Data.
System.Security.Cryptography.CryptographicException: Bad Data.

   於 System.Security.Cryptography.CryptographicException.ThrowCryptographicException(Int32 hr)
   於 System.Security.Cryptography.Utils._DecryptData(SafeKeyHandle hKey, Byte[] data, Int32 ib, Int32 cb, Byte[]& outputBuffer, Int32 outputOffset, PaddingMode PaddingMode, Boolean fDone)
   於 System.Security.Cryptography.CryptoAPITransform.TransformFinalBlock(Byte[] inputBuffer, Int32 inputOffset, Int32 inputCount)
   於 UI.Helpers.TextHelper.Decrypt(String cipherString, Boolean useHashing) 於 C:\Users\Kevin Lau\Documents\Visual Studio 2013\Projects\WordCollocation2015_wc\UI\Helpers\TextHelper.cs: 行 122

ERROR : 2015-09-19 16:06:52,111 224723ms TextHelper             Decrypt            - Bad Data.
System.Security.Cryptography.CryptographicException: Bad Data.

   於 System.Security.Cryptography.CryptographicException.ThrowCryptographicException(Int32 hr)
   於 System.Security.Cryptography.Utils._DecryptData(SafeKeyHandle hKey, Byte[] data, Int32 ib, Int32 cb, Byte[]& outputBuffer, Int32 outputOffset, PaddingMode PaddingMode, Boolean fDone)
   於 System.Security.Cryptography.CryptoAPITransform.TransformFinalBlock(Byte[] inputBuffer, Int32 inputOffset, Int32 inputCount)
   於 UI.Helpers.TextHelper.Decrypt(String cipherString, Boolean useHashing) 於 C:\Users\Kevin Lau\Documents\Visual Studio 2013\Projects\WordCollocation2015_wc\UI\Helpers\TextHelper.cs: 行 122

ERROR : 2015-09-19 16:07:47,744 280355ms TextHelper             Decrypt            - Bad Data.
System.Security.Cryptography.CryptographicException: Bad Data.

   於 System.Security.Cryptography.CryptographicException.ThrowCryptographicException(Int32 hr)
   於 System.Security.Cryptography.Utils._DecryptData(SafeKeyHandle hKey, Byte[] data, Int32 ib, Int32 cb, Byte[]& outputBuffer, Int32 outputOffset, PaddingMode PaddingMode, Boolean fDone)
   於 System.Security.Cryptography.CryptoAPITransform.TransformFinalBlock(Byte[] inputBuffer, Int32 inputOffset, Int32 inputCount)
   於 UI.Helpers.TextHelper.Decrypt(String cipherString, Boolean useHashing) 於 C:\Users\Kevin Lau\Documents\Visual Studio 2013\Projects\WordCollocation2015_wc\UI\Helpers\TextHelper.cs: 行 122

ERROR : 2015-09-19 16:07:53,704 286315ms TextHelper             Decrypt            - Bad Data.
System.Security.Cryptography.CryptographicException: Bad Data.

   於 System.Security.Cryptography.CryptographicException.ThrowCryptographicException(Int32 hr)
   於 System.Security.Cryptography.Utils._DecryptData(SafeKeyHandle hKey, Byte[] data, Int32 ib, Int32 cb, Byte[]& outputBuffer, Int32 outputOffset, PaddingMode PaddingMode, Boolean fDone)
   於 System.Security.Cryptography.CryptoAPITransform.TransformFinalBlock(Byte[] inputBuffer, Int32 inputOffset, Int32 inputCount)
   於 UI.Helpers.TextHelper.Decrypt(String cipherString, Boolean useHashing) 於 C:\Users\Kevin Lau\Documents\Visual Studio 2013\Projects\WordCollocation2015_wc\UI\Helpers\TextHelper.cs: 行 122

ERROR : 2015-09-19 16:13:28,243 620855ms CommonControllerBase   BeginExecuteCore   - The provided anti-forgery token was meant for user "", but the current user is "a1771550@hotmail.com".System.Web.Mvc.HttpAntiForgeryException (0x80004005): The provided anti-forgery token was meant for user "", but the current user is "a1771550@hotmail.com".
   於 System.Web.Helpers.AntiXsrf.TokenValidator.ValidateTokens(HttpContextBase httpContext, IIdentity identity, AntiForgeryToken sessionToken, AntiForgeryToken fieldToken)
   於 System.Web.Helpers.AntiXsrf.AntiForgeryWorker.Validate(HttpContextBase httpContext)
   於 System.Web.Mvc.ControllerActionInvoker.InvokeAuthorizationFilters(ControllerContext controllerContext, IList`1 filters, ActionDescriptor actionDescriptor)
   於 System.Web.Mvc.Async.AsyncControllerActionInvoker.<>c__DisplayClass21.<BeginInvokeAction>b__19(AsyncCallback asyncCallback, Object asyncState)
   於 System.Web.Mvc.Async.AsyncResultWrapper.WrappedAsyncResultBase`1.Begin(AsyncCallback callback, Object state, Int32 timeout)
   於 System.Web.Mvc.Async.AsyncControllerActionInvoker.BeginInvokeAction(ControllerContext controllerContext, String actionName, AsyncCallback callback, Object state)
   於 System.Web.Mvc.Controller.<BeginExecuteCore>b__1c(AsyncCallback asyncCallback, Object asyncState, ExecuteCoreState innerState)
   於 System.Web.Mvc.Async.AsyncResultWrapper.WrappedAsyncVoid`1.CallBeginDelegate(AsyncCallback callback, Object callbackState)
   於 System.Web.Mvc.Async.AsyncResultWrapper.WrappedAsyncResultBase`1.Begin(AsyncCallback callback, Object state, Int32 timeout)
   於 System.Web.Mvc.Controller.BeginExecuteCore(AsyncCallback callback, Object state)
   於 UI.Controllers.Abstract.CommonControllerBase.BeginExecuteCore(AsyncCallback callback, Object state) 於 C:\Users\Kevin Lau\Documents\Visual Studio 2013\Projects\WordCollocation2015_wc\UI\Controllers\Abstract\CommonControllerBase.cs: 行 39

[Log Ends]

[Log Starts]
[Log Ends]

[Log Starts]
[Log Ends]

[Log Starts]
[Log Ends]

[Log Starts]
[Log Ends]

[Log Starts]
[Log Ends]

[Log Starts]
[Log Ends]

[Log Starts]
[Log Ends]

[Log Starts]
[Log Ends]

[Log Starts]
[Log Ends]

[Log Starts]
[Log Ends]

[Log Starts]
[Log Ends]

[Log Starts]
[Log Ends]

[Log Starts]
[Log Ends]

[Log Starts]
[Log Ends]

[Log Starts]
[Log Ends]

[Log Starts]
[Log Ends]

[Log Starts]
ERROR : 2015-09-19 16:27:20,383  4595ms TextHelper             Decrypt            - Bad Data.
System.Security.Cryptography.CryptographicException: Bad Data.

   於 System.Security.Cryptography.CryptographicException.ThrowCryptographicException(Int32 hr)
   於 System.Security.Cryptography.Utils._DecryptData(SafeKeyHandle hKey, Byte[] data, Int32 ib, Int32 cb, Byte[]& outputBuffer, Int32 outputOffset, PaddingMode PaddingMode, Boolean fDone)
   於 System.Security.Cryptography.CryptoAPITransform.TransformFinalBlock(Byte[] inputBuffer, Int32 inputOffset, Int32 inputCount)
   於 UI.Helpers.TextHelper.Decrypt(String cipherString, Boolean useHashing) 於 C:\Users\Kevin Lau\Documents\Visual Studio 2013\Projects\WordCollocation2015_wc\UI\Helpers\TextHelper.cs: 行 122

ERROR : 2015-09-19 16:29:01,183 105395ms TextHelper             Decrypt            - Bad Data.
System.Security.Cryptography.CryptographicException: Bad Data.

   於 System.Security.Cryptography.CryptographicException.ThrowCryptographicException(Int32 hr)
   於 System.Security.Cryptography.Utils._DecryptData(SafeKeyHandle hKey, Byte[] data, Int32 ib, Int32 cb, Byte[]& outputBuffer, Int32 outputOffset, PaddingMode PaddingMode, Boolean fDone)
   於 System.Security.Cryptography.CryptoAPITransform.TransformFinalBlock(Byte[] inputBuffer, Int32 inputOffset, Int32 inputCount)
   於 UI.Helpers.TextHelper.Decrypt(String cipherString, Boolean useHashing) 於 C:\Users\Kevin Lau\Documents\Visual Studio 2013\Projects\WordCollocation2015_wc\UI\Helpers\TextHelper.cs: 行 122

ERROR : 2015-09-19 16:30:18,782 182994ms TextHelper             Decrypt            - Bad Data.
System.Security.Cryptography.CryptographicException: Bad Data.

   於 System.Security.Cryptography.CryptographicException.ThrowCryptographicException(Int32 hr)
   於 System.Security.Cryptography.Utils._DecryptData(SafeKeyHandle hKey, Byte[] data, Int32 ib, Int32 cb, Byte[]& outputBuffer, Int32 outputOffset, PaddingMode PaddingMode, Boolean fDone)
   於 System.Security.Cryptography.CryptoAPITransform.TransformFinalBlock(Byte[] inputBuffer, Int32 inputOffset, Int32 inputCount)
   於 UI.Helpers.TextHelper.Decrypt(String cipherString, Boolean useHashing) 於 C:\Users\Kevin Lau\Documents\Visual Studio 2013\Projects\WordCollocation2015_wc\UI\Helpers\TextHelper.cs: 行 122

ERROR : 2015-09-19 16:33:55,848 400060ms TextHelper             Decrypt            - Bad Data.
System.Security.Cryptography.CryptographicException: Bad Data.

   於 System.Security.Cryptography.CryptographicException.ThrowCryptographicException(Int32 hr)
   於 System.Security.Cryptography.Utils._DecryptData(SafeKeyHandle hKey, Byte[] data, Int32 ib, Int32 cb, Byte[]& outputBuffer, Int32 outputOffset, PaddingMode PaddingMode, Boolean fDone)
   於 System.Security.Cryptography.CryptoAPITransform.TransformFinalBlock(Byte[] inputBuffer, Int32 inputOffset, Int32 inputCount)
   於 UI.Helpers.TextHelper.Decrypt(String cipherString, Boolean useHashing) 於 C:\Users\Kevin Lau\Documents\Visual Studio 2013\Projects\WordCollocation2015_wc\UI\Helpers\TextHelper.cs: 行 122

[Log Ends]

[Log Starts]
[Log Ends]

[Log Starts]
[Log Ends]

[Log Starts]
[Log Ends]

[Log Starts]
[Log Ends]

[Log Starts]
[Log Ends]

[Log Starts]
[Log Ends]

[Log Starts]
[Log Ends]

[Log Starts]
[Log Ends]

[Log Starts]
[Log Ends]

[Log Starts]
[Log Ends]

[Log Starts]
[Log Ends]

[Log Starts]
[Log Ends]

[Log Starts]
[Log Ends]

[Log Starts]
[Log Ends]

[Log Starts]
[Log Ends]

[Log Starts]
[Log Ends]

[Log Starts]
[Log Ends]

[Log Starts]
[Log Ends]

[Log Starts]
[Log Ends]

[Log Starts]
[Log Ends]

[Log Starts]
[Log Ends]

[Log Starts]
[Log Ends]

[Log Starts]
[Log Ends]

[Log Starts]
[Log Ends]

[Log Starts]
[Log Ends]

[Log Starts]
[Log Ends]

[Log Starts]
[Log Ends]

[Log Starts]
[Log Ends]

[Log Starts]
[Log Ends]

[Log Starts]
[Log Ends]

