[Log Starts]
[Log Ends]

[Log Starts]
[Log Ends]

[Log Starts]
[Log Ends]

[Log Starts]
[Log Ends]

[Log Starts]
[Log Ends]

[Log Starts]
[Log Ends]

[Log Starts]
[Log Ends]

[Log Starts]
[Log Ends]

[Log Starts]
[Log Ends]

[Log Starts]
[Log Ends]

[Log Starts]
[Log Ends]

[Log Starts]
[Log Ends]

[Log Starts]
[Log Ends]

[Log Starts]
ERROR : 2015-10-02 10:46:25,366  8076ms PosRepository          GetList            - The type 'Edm.Int16' of the member 'Id' in the conceptual side type 'WordCollocationModel.Pos' does not match with the type 'System.String' of the member 'Id' on the object side type 'BLL.Pos'.System.Data.Entity.Core.MappingException: The type 'Edm.Int16' of the member 'Id' in the conceptual side type 'WordCollocationModel.Pos' does not match with the type 'System.String' of the member 'Id' on the object side type 'BLL.Pos'.
    System.Data.Entity.Core.Mapping.DefaultObjectMappingItemCollection.ValidateMembersMatch(EdmMember edmMember, EdmMember objectMember)
    System.Data.Entity.Core.Mapping.DefaultObjectMappingItemCollection.LoadEntityTypeOrComplexTypeMapping(ObjectTypeMapping objectMapping, EdmType edmType, EdmType objectType, DefaultObjectMappingItemCollection ocItemCollection, Dictionary`2 typeMappings)
    System.Data.Entity.Core.Mapping.DefaultObjectMappingItemCollection.LoadObjectMapping(EdmType edmType, EdmType objectType, DefaultObjectMappingItemCollection ocItemCollection, Dictionary`2 typeMappings)
    System.Data.Entity.Core.Mapping.DefaultObjectMappingItemCollection.LoadTypeMapping(EdmType edmType, EdmType objectType, DefaultObjectMappingItemCollection ocItemCollection, Dictionary`2 typeMappings)
    System.Data.Entity.Core.Mapping.DefaultObjectMappingItemCollection.LoadAssociationTypeMapping(ObjectTypeMapping objectMapping, EdmType edmType, EdmType objectType, DefaultObjectMappingItemCollection ocItemCollection, Dictionary`2 typeMappings)
    System.Data.Entity.Core.Mapping.DefaultObjectMappingItemCollection.LoadObjectMapping(EdmType edmType, EdmType objectType, DefaultObjectMappingItemCollection ocItemCollection, Dictionary`2 typeMappings)
    System.Data.Entity.Core.Mapping.DefaultObjectMappingItemCollection.LoadTypeMapping(EdmType edmType, EdmType objectType, DefaultObjectMappingItemCollection ocItemCollection, Dictionary`2 typeMappings)
    System.Data.Entity.Core.Mapping.DefaultObjectMappingItemCollection.LoadEntityTypeOrComplexTypeMapping(ObjectTypeMapping objectMapping, EdmType edmType, EdmType objectType, DefaultObjectMappingItemCollection ocItemCollection, Dictionary`2 typeMappings)
    System.Data.Entity.Core.Mapping.DefaultObjectMappingItemCollection.LoadObjectMapping(EdmType edmType, EdmType objectType, DefaultObjectMappingItemCollection ocItemCollection, Dictionary`2 typeMappings)
    System.Data.Entity.Core.Mapping.DefaultObjectMappingItemCollection.LoadObjectMapping(EdmType cdmType, EdmType objectType, DefaultObjectMappingItemCollection ocItemCollection)
    System.Data.Entity.Core.Mapping.DefaultObjectMappingItemCollection.TryGetMap(String identity, DataSpace typeSpace, Boolean ignoreCase, MappingBase& map)
    System.Data.Entity.Core.Mapping.DefaultObjectMappingItemCollection.TryGetMap(String identity, DataSpace typeSpace, MappingBase& map)
    System.Data.Entity.Core.Metadata.Edm.MetadataWorkspace.TryGetEdmSpaceType[T](T objectSpaceType, T& edmSpaceType)
    System.Data.Entity.Core.Metadata.Edm.MetadataWorkspace.GetEdmSpaceType[T](T objectSpaceType)
    System.Data.Entity.Internal.InternalContext.UpdateEntitySetMappings()
    System.Data.Entity.Internal.InternalContext.TryUpdateEntitySetMappingsForType(Type entityType)
    System.Data.Entity.Internal.InternalContext.UpdateEntitySetMappingsForType(Type entityType)
    System.Data.Entity.Internal.InternalContext.GetEntitySetAndBaseTypeForType(Type entityType)
    System.Data.Entity.Internal.Linq.InternalSet`1.Initialize()
    System.Data.Entity.Internal.Linq.InternalSet`1.GetEnumerator()
    System.Collections.Generic.List`1..ctor(IEnumerable`1 collection)
    System.Linq.Enumerable.ToList[TSource](IEnumerable`1 source)
    BLL.PosRepository.GetList()  C:\Users\Kevin Lau\Documents\Visual Studio 2013\Projects\WordCollocation2015_wc\BLL\PosRepository.cs:  30

ERROR : 2015-10-02 10:46:25,857  8566ms PosRepository          GetList            - The type 'Edm.Int16' of the member 'Id' in the conceptual side type 'WordCollocationModel.Pos' does not match with the type 'System.String' of the member 'Id' on the object side type 'BLL.Pos'.System.Data.Entity.Core.MappingException: The type 'Edm.Int16' of the member 'Id' in the conceptual side type 'WordCollocationModel.Pos' does not match with the type 'System.String' of the member 'Id' on the object side type 'BLL.Pos'.
    System.Data.Entity.Core.Mapping.DefaultObjectMappingItemCollection.ValidateMembersMatch(EdmMember edmMember, EdmMember objectMember)
    System.Data.Entity.Core.Mapping.DefaultObjectMappingItemCollection.LoadEntityTypeOrComplexTypeMapping(ObjectTypeMapping objectMapping, EdmType edmType, EdmType objectType, DefaultObjectMappingItemCollection ocItemCollection, Dictionary`2 typeMappings)
    System.Data.Entity.Core.Mapping.DefaultObjectMappingItemCollection.LoadObjectMapping(EdmType edmType, EdmType objectType, DefaultObjectMappingItemCollection ocItemCollection, Dictionary`2 typeMappings)
    System.Data.Entity.Core.Mapping.DefaultObjectMappingItemCollection.LoadTypeMapping(EdmType edmType, EdmType objectType, DefaultObjectMappingItemCollection ocItemCollection, Dictionary`2 typeMappings)
    System.Data.Entity.Core.Mapping.DefaultObjectMappingItemCollection.LoadAssociationTypeMapping(ObjectTypeMapping objectMapping, EdmType edmType, EdmType objectType, DefaultObjectMappingItemCollection ocItemCollection, Dictionary`2 typeMappings)
    System.Data.Entity.Core.Mapping.DefaultObjectMappingItemCollection.LoadObjectMapping(EdmType edmType, EdmType objectType, DefaultObjectMappingItemCollection ocItemCollection, Dictionary`2 typeMappings)
    System.Data.Entity.Core.Mapping.DefaultObjectMappingItemCollection.LoadTypeMapping(EdmType edmType, EdmType objectType, DefaultObjectMappingItemCollection ocItemCollection, Dictionary`2 typeMappings)
    System.Data.Entity.Core.Mapping.DefaultObjectMappingItemCollection.LoadEntityTypeOrComplexTypeMapping(ObjectTypeMapping objectMapping, EdmType edmType, EdmType objectType, DefaultObjectMappingItemCollection ocItemCollection, Dictionary`2 typeMappings)
    System.Data.Entity.Core.Mapping.DefaultObjectMappingItemCollection.LoadObjectMapping(EdmType edmType, EdmType objectType, DefaultObjectMappingItemCollection ocItemCollection, Dictionary`2 typeMappings)
    System.Data.Entity.Core.Mapping.DefaultObjectMappingItemCollection.LoadObjectMapping(EdmType cdmType, EdmType objectType, DefaultObjectMappingItemCollection ocItemCollection)
    System.Data.Entity.Core.Mapping.DefaultObjectMappingItemCollection.TryGetMap(String identity, DataSpace typeSpace, Boolean ignoreCase, MappingBase& map)
    System.Data.Entity.Core.Mapping.DefaultObjectMappingItemCollection.TryGetMap(String identity, DataSpace typeSpace, MappingBase& map)
    System.Data.Entity.Core.Metadata.Edm.MetadataWorkspace.TryGetEdmSpaceType[T](T objectSpaceType, T& edmSpaceType)
    System.Data.Entity.Core.Metadata.Edm.MetadataWorkspace.GetEdmSpaceType[T](T objectSpaceType)
    System.Data.Entity.Internal.InternalContext.UpdateEntitySetMappings()
    System.Data.Entity.Internal.InternalContext.TryUpdateEntitySetMappingsForType(Type entityType)
    System.Data.Entity.Internal.InternalContext.UpdateEntitySetMappingsForType(Type entityType)
    System.Data.Entity.Internal.InternalContext.GetEntitySetAndBaseTypeForType(Type entityType)
    System.Data.Entity.Internal.Linq.InternalSet`1.Initialize()
    System.Data.Entity.Internal.Linq.InternalSet`1.GetEnumerator()
    System.Collections.Generic.List`1..ctor(IEnumerable`1 collection)
    System.Linq.Enumerable.ToList[TSource](IEnumerable`1 source)
    BLL.PosRepository.GetList()  C:\Users\Kevin Lau\Documents\Visual Studio 2013\Projects\WordCollocation2015_wc\BLL\PosRepository.cs:  30

[Log Ends]

[Log Starts]
[Log Ends]

[Log Starts]
ERROR : 2015-10-02 10:56:36,742 22330ms PosRepository          GetById            - 趣／喱 nullC
把计W嘿: StringSystem.ArgumentNullException: 趣／喱 nullC
把计W嘿: String
    System.Number.StringToNumber(String str, NumberStyles options, NumberBuffer& number, NumberFormatInfo info, Boolean parseDecimal)
    System.Number.ParseInt32(String s, NumberStyles style, NumberFormatInfo info)
    System.Int16.Parse(String s, NumberStyles style, NumberFormatInfo info)
    BLL.PosRepository.GetById(String id)  C:\Users\Kevin Lau\Documents\Visual Studio 2013\Projects\WordCollocation2015_wc\BLL\PosRepository.cs:  120

ERROR : 2015-10-02 10:56:37,032 22621ms PosRepository          GetById            - 趣／喱 nullC
把计W嘿: StringSystem.ArgumentNullException: 趣／喱 nullC
把计W嘿: String
    System.Number.StringToNumber(String str, NumberStyles options, NumberBuffer& number, NumberFormatInfo info, Boolean parseDecimal)
    System.Number.ParseInt32(String s, NumberStyles style, NumberFormatInfo info)
    System.Int16.Parse(String s, NumberStyles style, NumberFormatInfo info)
    BLL.PosRepository.GetById(String id)  C:\Users\Kevin Lau\Documents\Visual Studio 2013\Projects\WordCollocation2015_wc\BLL\PosRepository.cs:  120

[Log Ends]

[Log Starts]
[Log Ends]

[Log Starts]
[Log Ends]

[Log Starts]
[Log Ends]

[Log Starts]
[Log Ends]

[Log Starts]
[Log Ends]

[Log Starts]
[Log Ends]

[Log Starts]
[Log Ends]

[Log Starts]
[Log Ends]

[Log Starts]
[Log Ends]

[Log Starts]
ERROR : 2015-10-02 16:16:35,426 1190867ms PosRepository          Delete             - The type of one of the primary key values did not match the type defined in the entity. See inner exception for details.
把计W嘿: keyValuesSystem.ArgumentException: The type of one of the primary key values did not match the type defined in the entity. See inner exception for details.
把计W嘿: keyValues ---> System.Data.Entity.Core.EntitySqlException: The argument types 'Edm.Int16' and 'Edm.String' are incompatible for this operation. Near WHERE predicate, line 1, column 71.
    System.Data.Entity.Core.Common.EntitySql.SemanticAnalyzer.ConvertEqualCompArgs(BuiltInExpr astBuiltInExpr, SemanticResolver sr)
    System.Data.Entity.Core.Common.EntitySql.SemanticAnalyzer.<CreateBuiltInExprConverter>b__83(BuiltInExpr bltInExpr, SemanticResolver sr)
    System.Data.Entity.Core.Common.EntitySql.SemanticAnalyzer.ConvertBuiltIn(Node astExpr, SemanticResolver sr)
    System.Data.Entity.Core.Common.EntitySql.SemanticAnalyzer.ConvertValueExpressionAllowUntypedNulls(Node astExpr, SemanticResolver sr)
    System.Data.Entity.Core.Common.EntitySql.SemanticAnalyzer.ConvertValueExpression(Node astExpr, SemanticResolver sr)
    System.Data.Entity.Core.Common.EntitySql.SemanticAnalyzer.ProcessWhereHavingClausePredicate(DbExpressionBinding source, Node predicate, ErrorContext errCtx, String bindingNameTemplate, SemanticResolver sr)
    System.Data.Entity.Core.Common.EntitySql.SemanticAnalyzer.ConvertQueryExpr(Node expr, SemanticResolver sr)
    System.Data.Entity.Core.Common.EntitySql.SemanticAnalyzer.ConvertValueExpressionAllowUntypedNulls(Node astExpr, SemanticResolver sr)
    System.Data.Entity.Core.Common.EntitySql.SemanticAnalyzer.ConvertQueryStatementToDbExpression(Statement astStatement, SemanticResolver sr, List`1& functionDefs)
    System.Data.Entity.Core.Common.EntitySql.SemanticAnalyzer.AnalyzeQueryCommand(Node astExpr)
    System.Data.Entity.Core.Common.EntitySql.CqlQuery.<AnalyzeQueryExpressionSemantics>b__8(SemanticAnalyzer analyzer, Node astExpr)
    System.Data.Entity.Core.Common.EntitySql.CqlQuery.AnalyzeSemanticsCommon[TResult](Node astExpr, Perspective perspective, ParserOptions parserOptions, IEnumerable`1 parameters, IEnumerable`1 variables, Func`3 analysisFunction)
    System.Data.Entity.Core.Common.EntitySql.CqlQuery.AnalyzeQueryExpressionSemantics(Node astQueryCommand, Perspective perspective, ParserOptions parserOptions, IEnumerable`1 parameters, IEnumerable`1 variables)
    System.Data.Entity.Core.Common.EntitySql.CqlQuery.<>c__DisplayClass4.<CompileQueryCommandLambda>b__3(Node astCommand, ParserOptions validatedParserOptions)
    System.Data.Entity.Core.Objects.EntitySqlQueryState.Parse()
    System.Data.Entity.Core.Objects.ELinq.ExpressionConverter.TranslateInlineQueryOfT(ObjectQuery inlineQuery)
    System.Data.Entity.Core.Objects.ELinq.ExpressionConverter.ConstantTranslator.TypedTranslate(ExpressionConverter parent, ConstantExpression linq)
    System.Data.Entity.Core.Objects.ELinq.ExpressionConverter.TranslateExpression(Expression linq)
    System.Data.Entity.Core.Objects.ELinq.ExpressionConverter.MethodCallTranslator.ObjectQueryMergeAsTranslator.Translate(ExpressionConverter parent, MethodCallExpression call)
    System.Data.Entity.Core.Objects.ELinq.ExpressionConverter.MethodCallTranslator.TypedTranslate(ExpressionConverter parent, MethodCallExpression linq)
    System.Data.Entity.Core.Objects.ELinq.ExpressionConverter.TranslateExpression(Expression linq)
    System.Data.Entity.Core.Objects.ELinq.ExpressionConverter.MethodCallTranslator.ObjectQueryMergeAsTranslator.Translate(ExpressionConverter parent, MethodCallExpression call)
    System.Data.Entity.Core.Objects.ELinq.ExpressionConverter.MethodCallTranslator.TypedTranslate(ExpressionConverter parent, MethodCallExpression linq)
    System.Data.Entity.Core.Objects.ELinq.ExpressionConverter.TranslateExpression(Expression linq)
    System.Data.Entity.Core.Objects.ELinq.ExpressionConverter.MethodCallTranslator.UnarySequenceMethodTranslator.Translate(ExpressionConverter parent, MethodCallExpression call)
    System.Data.Entity.Core.Objects.ELinq.ExpressionConverter.MethodCallTranslator.TypedTranslate(ExpressionConverter parent, MethodCallExpression linq)
    System.Data.Entity.Core.Objects.ELinq.ExpressionConverter.TranslateExpression(Expression linq)
    System.Data.Entity.Core.Objects.ELinq.ExpressionConverter.Convert()
    System.Data.Entity.Core.Objects.ELinq.ELinqQueryState.GetExecutionPlan(Nullable`1 forMergeOption)
    System.Data.Entity.Core.Objects.ObjectQuery`1.<>c__DisplayClass7.<GetResults>b__6()
    System.Data.Entity.Core.Objects.ObjectContext.ExecuteInTransaction[T](Func`1 func, IDbExecutionStrategy executionStrategy, Boolean startLocalTransaction, Boolean releaseConnectionOnSuccess)
    System.Data.Entity.Core.Objects.ObjectQuery`1.<>c__DisplayClass7.<GetResults>b__5()
    System.Data.Entity.SqlServer.DefaultSqlExecutionStrategy.Execute[TResult](Func`1 operation)
    System.Data.Entity.Core.Objects.ObjectQuery`1.GetResults(Nullable`1 forMergeOption)
    System.Data.Entity.Core.Objects.ObjectQuery`1.<System.Collections.Generic.IEnumerable<T>.GetEnumerator>b__0()
    System.Data.Entity.Internal.LazyEnumerator`1.MoveNext()
    System.Linq.Enumerable.SingleOrDefault[TSource](IEnumerable`1 source)
    System.Data.Entity.Internal.Linq.InternalSet`1.FindInStore(WrappedEntityKey key, String keyValuesParamName)
   --- ず场ㄒ~p帮|l萝旱钵 ---
    System.Data.Entity.Internal.Linq.InternalSet`1.FindInStore(WrappedEntityKey key, String keyValuesParamName)
    System.Data.Entity.Internal.Linq.InternalSet`1.Find(Object[] keyValues)
    BLL.PosRepository.Delete(String id)  C:\Users\Kevin Lau\Documents\Visual Studio 2013\Projects\WordCollocation2015_wc\BLL\PosRepository.cs:  166

ERROR : 2015-10-02 16:16:35,900 1191341ms PosRepository          Delete             - The type of one of the primary key values did not match the type defined in the entity. See inner exception for details.
把计W嘿: keyValuesSystem.ArgumentException: The type of one of the primary key values did not match the type defined in the entity. See inner exception for details.
把计W嘿: keyValues ---> System.Data.Entity.Core.EntitySqlException: The argument types 'Edm.Int16' and 'Edm.String' are incompatible for this operation. Near WHERE predicate, line 1, column 71.
    System.Data.Entity.Core.Common.EntitySql.SemanticAnalyzer.ConvertEqualCompArgs(BuiltInExpr astBuiltInExpr, SemanticResolver sr)
    System.Data.Entity.Core.Common.EntitySql.SemanticAnalyzer.<CreateBuiltInExprConverter>b__83(BuiltInExpr bltInExpr, SemanticResolver sr)
    System.Data.Entity.Core.Common.EntitySql.SemanticAnalyzer.ConvertBuiltIn(Node astExpr, SemanticResolver sr)
    System.Data.Entity.Core.Common.EntitySql.SemanticAnalyzer.ConvertValueExpressionAllowUntypedNulls(Node astExpr, SemanticResolver sr)
    System.Data.Entity.Core.Common.EntitySql.SemanticAnalyzer.ConvertValueExpression(Node astExpr, SemanticResolver sr)
    System.Data.Entity.Core.Common.EntitySql.SemanticAnalyzer.ProcessWhereHavingClausePredicate(DbExpressionBinding source, Node predicate, ErrorContext errCtx, String bindingNameTemplate, SemanticResolver sr)
    System.Data.Entity.Core.Common.EntitySql.SemanticAnalyzer.ConvertQueryExpr(Node expr, SemanticResolver sr)
    System.Data.Entity.Core.Common.EntitySql.SemanticAnalyzer.ConvertValueExpressionAllowUntypedNulls(Node astExpr, SemanticResolver sr)
    System.Data.Entity.Core.Common.EntitySql.SemanticAnalyzer.ConvertQueryStatementToDbExpression(Statement astStatement, SemanticResolver sr, List`1& functionDefs)
    System.Data.Entity.Core.Common.EntitySql.SemanticAnalyzer.AnalyzeQueryCommand(Node astExpr)
    System.Data.Entity.Core.Common.EntitySql.CqlQuery.<AnalyzeQueryExpressionSemantics>b__8(SemanticAnalyzer analyzer, Node astExpr)
    System.Data.Entity.Core.Common.EntitySql.CqlQuery.AnalyzeSemanticsCommon[TResult](Node astExpr, Perspective perspective, ParserOptions parserOptions, IEnumerable`1 parameters, IEnumerable`1 variables, Func`3 analysisFunction)
    System.Data.Entity.Core.Common.EntitySql.CqlQuery.AnalyzeQueryExpressionSemantics(Node astQueryCommand, Perspective perspective, ParserOptions parserOptions, IEnumerable`1 parameters, IEnumerable`1 variables)
    System.Data.Entity.Core.Common.EntitySql.CqlQuery.<>c__DisplayClass4.<CompileQueryCommandLambda>b__3(Node astCommand, ParserOptions validatedParserOptions)
    System.Data.Entity.Core.Objects.EntitySqlQueryState.Parse()
    System.Data.Entity.Core.Objects.ELinq.ExpressionConverter.TranslateInlineQueryOfT(ObjectQuery inlineQuery)
    System.Data.Entity.Core.Objects.ELinq.ExpressionConverter.ConstantTranslator.TypedTranslate(ExpressionConverter parent, ConstantExpression linq)
    System.Data.Entity.Core.Objects.ELinq.ExpressionConverter.TranslateExpression(Expression linq)
    System.Data.Entity.Core.Objects.ELinq.ExpressionConverter.MethodCallTranslator.ObjectQueryMergeAsTranslator.Translate(ExpressionConverter parent, MethodCallExpression call)
    System.Data.Entity.Core.Objects.ELinq.ExpressionConverter.MethodCallTranslator.TypedTranslate(ExpressionConverter parent, MethodCallExpression linq)
    System.Data.Entity.Core.Objects.ELinq.ExpressionConverter.TranslateExpression(Expression linq)
    System.Data.Entity.Core.Objects.ELinq.ExpressionConverter.MethodCallTranslator.ObjectQueryMergeAsTranslator.Translate(ExpressionConverter parent, MethodCallExpression call)
    System.Data.Entity.Core.Objects.ELinq.ExpressionConverter.MethodCallTranslator.TypedTranslate(ExpressionConverter parent, MethodCallExpression linq)
    System.Data.Entity.Core.Objects.ELinq.ExpressionConverter.TranslateExpression(Expression linq)
    System.Data.Entity.Core.Objects.ELinq.ExpressionConverter.MethodCallTranslator.UnarySequenceMethodTranslator.Translate(ExpressionConverter parent, MethodCallExpression call)
    System.Data.Entity.Core.Objects.ELinq.ExpressionConverter.MethodCallTranslator.TypedTranslate(ExpressionConverter parent, MethodCallExpression linq)
    System.Data.Entity.Core.Objects.ELinq.ExpressionConverter.TranslateExpression(Expression linq)
    System.Data.Entity.Core.Objects.ELinq.ExpressionConverter.Convert()
    System.Data.Entity.Core.Objects.ELinq.ELinqQueryState.GetExecutionPlan(Nullable`1 forMergeOption)
    System.Data.Entity.Core.Objects.ObjectQuery`1.<>c__DisplayClass7.<GetResults>b__6()
    System.Data.Entity.Core.Objects.ObjectContext.ExecuteInTransaction[T](Func`1 func, IDbExecutionStrategy executionStrategy, Boolean startLocalTransaction, Boolean releaseConnectionOnSuccess)
    System.Data.Entity.Core.Objects.ObjectQuery`1.<>c__DisplayClass7.<GetResults>b__5()
    System.Data.Entity.SqlServer.DefaultSqlExecutionStrategy.Execute[TResult](Func`1 operation)
    System.Data.Entity.Core.Objects.ObjectQuery`1.GetResults(Nullable`1 forMergeOption)
    System.Data.Entity.Core.Objects.ObjectQuery`1.<System.Collections.Generic.IEnumerable<T>.GetEnumerator>b__0()
    System.Data.Entity.Internal.LazyEnumerator`1.MoveNext()
    System.Linq.Enumerable.SingleOrDefault[TSource](IEnumerable`1 source)
    System.Data.Entity.Internal.Linq.InternalSet`1.FindInStore(WrappedEntityKey key, String keyValuesParamName)
   --- ず场ㄒ~p帮|l萝旱钵 ---
    System.Data.Entity.Internal.Linq.InternalSet`1.FindInStore(WrappedEntityKey key, String keyValuesParamName)
    System.Data.Entity.Internal.Linq.InternalSet`1.Find(Object[] keyValues)
    BLL.PosRepository.Delete(String id)  C:\Users\Kevin Lau\Documents\Visual Studio 2013\Projects\WordCollocation2015_wc\BLL\PosRepository.cs:  166

[Log Ends]

[Log Starts]
[Log Ends]

[Log Starts]
[Log Ends]

[Log Starts]
[Log Ends]

[Log Starts]
ERROR : 2015-10-02 17:01:06,149 91619ms PosRepository          Delete             - The type of one of the primary key values did not match the type defined in the entity. See inner exception for details.
把计W嘿: keyValuesSystem.ArgumentException: The type of one of the primary key values did not match the type defined in the entity. See inner exception for details.
把计W嘿: keyValues ---> System.Data.Entity.Core.EntitySqlException: The argument types 'Edm.Int16' and 'Edm.String' are incompatible for this operation. Near WHERE predicate, line 1, column 71.
    System.Data.Entity.Core.Common.EntitySql.SemanticAnalyzer.ConvertEqualCompArgs(BuiltInExpr astBuiltInExpr, SemanticResolver sr)
    System.Data.Entity.Core.Common.EntitySql.SemanticAnalyzer.<CreateBuiltInExprConverter>b__83(BuiltInExpr bltInExpr, SemanticResolver sr)
    System.Data.Entity.Core.Common.EntitySql.SemanticAnalyzer.ConvertBuiltIn(Node astExpr, SemanticResolver sr)
    System.Data.Entity.Core.Common.EntitySql.SemanticAnalyzer.ConvertValueExpressionAllowUntypedNulls(Node astExpr, SemanticResolver sr)
    System.Data.Entity.Core.Common.EntitySql.SemanticAnalyzer.ConvertValueExpression(Node astExpr, SemanticResolver sr)
    System.Data.Entity.Core.Common.EntitySql.SemanticAnalyzer.ProcessWhereHavingClausePredicate(DbExpressionBinding source, Node predicate, ErrorContext errCtx, String bindingNameTemplate, SemanticResolver sr)
    System.Data.Entity.Core.Common.EntitySql.SemanticAnalyzer.ConvertQueryExpr(Node expr, SemanticResolver sr)
    System.Data.Entity.Core.Common.EntitySql.SemanticAnalyzer.ConvertValueExpressionAllowUntypedNulls(Node astExpr, SemanticResolver sr)
    System.Data.Entity.Core.Common.EntitySql.SemanticAnalyzer.ConvertQueryStatementToDbExpression(Statement astStatement, SemanticResolver sr, List`1& functionDefs)
    System.Data.Entity.Core.Common.EntitySql.SemanticAnalyzer.AnalyzeQueryCommand(Node astExpr)
    System.Data.Entity.Core.Common.EntitySql.CqlQuery.<AnalyzeQueryExpressionSemantics>b__8(SemanticAnalyzer analyzer, Node astExpr)
    System.Data.Entity.Core.Common.EntitySql.CqlQuery.AnalyzeSemanticsCommon[TResult](Node astExpr, Perspective perspective, ParserOptions parserOptions, IEnumerable`1 parameters, IEnumerable`1 variables, Func`3 analysisFunction)
    System.Data.Entity.Core.Common.EntitySql.CqlQuery.AnalyzeQueryExpressionSemantics(Node astQueryCommand, Perspective perspective, ParserOptions parserOptions, IEnumerable`1 parameters, IEnumerable`1 variables)
    System.Data.Entity.Core.Common.EntitySql.CqlQuery.<>c__DisplayClass4.<CompileQueryCommandLambda>b__3(Node astCommand, ParserOptions validatedParserOptions)
    System.Data.Entity.Core.Objects.EntitySqlQueryState.Parse()
    System.Data.Entity.Core.Objects.ELinq.ExpressionConverter.TranslateInlineQueryOfT(ObjectQuery inlineQuery)
    System.Data.Entity.Core.Objects.ELinq.ExpressionConverter.ConstantTranslator.TypedTranslate(ExpressionConverter parent, ConstantExpression linq)
    System.Data.Entity.Core.Objects.ELinq.ExpressionConverter.TranslateExpression(Expression linq)
    System.Data.Entity.Core.Objects.ELinq.ExpressionConverter.MethodCallTranslator.ObjectQueryMergeAsTranslator.Translate(ExpressionConverter parent, MethodCallExpression call)
    System.Data.Entity.Core.Objects.ELinq.ExpressionConverter.MethodCallTranslator.TypedTranslate(ExpressionConverter parent, MethodCallExpression linq)
    System.Data.Entity.Core.Objects.ELinq.ExpressionConverter.TranslateExpression(Expression linq)
    System.Data.Entity.Core.Objects.ELinq.ExpressionConverter.MethodCallTranslator.ObjectQueryMergeAsTranslator.Translate(ExpressionConverter parent, MethodCallExpression call)
    System.Data.Entity.Core.Objects.ELinq.ExpressionConverter.MethodCallTranslator.TypedTranslate(ExpressionConverter parent, MethodCallExpression linq)
    System.Data.Entity.Core.Objects.ELinq.ExpressionConverter.TranslateExpression(Expression linq)
    System.Data.Entity.Core.Objects.ELinq.ExpressionConverter.MethodCallTranslator.UnarySequenceMethodTranslator.Translate(ExpressionConverter parent, MethodCallExpression call)
    System.Data.Entity.Core.Objects.ELinq.ExpressionConverter.MethodCallTranslator.TypedTranslate(ExpressionConverter parent, MethodCallExpression linq)
    System.Data.Entity.Core.Objects.ELinq.ExpressionConverter.TranslateExpression(Expression linq)
    System.Data.Entity.Core.Objects.ELinq.ExpressionConverter.Convert()
    System.Data.Entity.Core.Objects.ELinq.ELinqQueryState.GetExecutionPlan(Nullable`1 forMergeOption)
    System.Data.Entity.Core.Objects.ObjectQuery`1.<>c__DisplayClass7.<GetResults>b__6()
    System.Data.Entity.Core.Objects.ObjectContext.ExecuteInTransaction[T](Func`1 func, IDbExecutionStrategy executionStrategy, Boolean startLocalTransaction, Boolean releaseConnectionOnSuccess)
    System.Data.Entity.Core.Objects.ObjectQuery`1.<>c__DisplayClass7.<GetResults>b__5()
    System.Data.Entity.SqlServer.DefaultSqlExecutionStrategy.Execute[TResult](Func`1 operation)
    System.Data.Entity.Core.Objects.ObjectQuery`1.GetResults(Nullable`1 forMergeOption)
    System.Data.Entity.Core.Objects.ObjectQuery`1.<System.Collections.Generic.IEnumerable<T>.GetEnumerator>b__0()
    System.Data.Entity.Internal.LazyEnumerator`1.MoveNext()
    System.Linq.Enumerable.SingleOrDefault[TSource](IEnumerable`1 source)
    System.Data.Entity.Internal.Linq.InternalSet`1.FindInStore(WrappedEntityKey key, String keyValuesParamName)
   --- ず场ㄒ~p帮|l萝旱钵 ---
    System.Data.Entity.Internal.Linq.InternalSet`1.FindInStore(WrappedEntityKey key, String keyValuesParamName)
    System.Data.Entity.Internal.Linq.InternalSet`1.Find(Object[] keyValues)
    BLL.PosRepository.Delete(String id)  C:\Users\Kevin Lau\Documents\Visual Studio 2013\Projects\WordCollocation2015_wc\BLL\PosRepository.cs:  166

ERROR : 2015-10-02 17:01:16,552 102022ms PosRepository          Delete             - The type of one of the primary key values did not match the type defined in the entity. See inner exception for details.
把计W嘿: keyValuesSystem.ArgumentException: The type of one of the primary key values did not match the type defined in the entity. See inner exception for details.
把计W嘿: keyValues ---> System.Data.Entity.Core.EntitySqlException: The argument types 'Edm.Int16' and 'Edm.String' are incompatible for this operation. Near WHERE predicate, line 1, column 71.
    System.Data.Entity.Core.Common.EntitySql.SemanticAnalyzer.ConvertEqualCompArgs(BuiltInExpr astBuiltInExpr, SemanticResolver sr)
    System.Data.Entity.Core.Common.EntitySql.SemanticAnalyzer.<CreateBuiltInExprConverter>b__83(BuiltInExpr bltInExpr, SemanticResolver sr)
    System.Data.Entity.Core.Common.EntitySql.SemanticAnalyzer.ConvertBuiltIn(Node astExpr, SemanticResolver sr)
    System.Data.Entity.Core.Common.EntitySql.SemanticAnalyzer.ConvertValueExpressionAllowUntypedNulls(Node astExpr, SemanticResolver sr)
    System.Data.Entity.Core.Common.EntitySql.SemanticAnalyzer.ConvertValueExpression(Node astExpr, SemanticResolver sr)
    System.Data.Entity.Core.Common.EntitySql.SemanticAnalyzer.ProcessWhereHavingClausePredicate(DbExpressionBinding source, Node predicate, ErrorContext errCtx, String bindingNameTemplate, SemanticResolver sr)
    System.Data.Entity.Core.Common.EntitySql.SemanticAnalyzer.ConvertQueryExpr(Node expr, SemanticResolver sr)
    System.Data.Entity.Core.Common.EntitySql.SemanticAnalyzer.ConvertValueExpressionAllowUntypedNulls(Node astExpr, SemanticResolver sr)
    System.Data.Entity.Core.Common.EntitySql.SemanticAnalyzer.ConvertQueryStatementToDbExpression(Statement astStatement, SemanticResolver sr, List`1& functionDefs)
    System.Data.Entity.Core.Common.EntitySql.SemanticAnalyzer.AnalyzeQueryCommand(Node astExpr)
    System.Data.Entity.Core.Common.EntitySql.CqlQuery.<AnalyzeQueryExpressionSemantics>b__8(SemanticAnalyzer analyzer, Node astExpr)
    System.Data.Entity.Core.Common.EntitySql.CqlQuery.AnalyzeSemanticsCommon[TResult](Node astExpr, Perspective perspective, ParserOptions parserOptions, IEnumerable`1 parameters, IEnumerable`1 variables, Func`3 analysisFunction)
    System.Data.Entity.Core.Common.EntitySql.CqlQuery.AnalyzeQueryExpressionSemantics(Node astQueryCommand, Perspective perspective, ParserOptions parserOptions, IEnumerable`1 parameters, IEnumerable`1 variables)
    System.Data.Entity.Core.Common.EntitySql.CqlQuery.<>c__DisplayClass4.<CompileQueryCommandLambda>b__3(Node astCommand, ParserOptions validatedParserOptions)
    System.Data.Entity.Core.Objects.EntitySqlQueryState.Parse()
    System.Data.Entity.Core.Objects.ELinq.ExpressionConverter.TranslateInlineQueryOfT(ObjectQuery inlineQuery)
    System.Data.Entity.Core.Objects.ELinq.ExpressionConverter.ConstantTranslator.TypedTranslate(ExpressionConverter parent, ConstantExpression linq)
    System.Data.Entity.Core.Objects.ELinq.ExpressionConverter.TranslateExpression(Expression linq)
    System.Data.Entity.Core.Objects.ELinq.ExpressionConverter.MethodCallTranslator.ObjectQueryMergeAsTranslator.Translate(ExpressionConverter parent, MethodCallExpression call)
    System.Data.Entity.Core.Objects.ELinq.ExpressionConverter.MethodCallTranslator.TypedTranslate(ExpressionConverter parent, MethodCallExpression linq)
    System.Data.Entity.Core.Objects.ELinq.ExpressionConverter.TranslateExpression(Expression linq)
    System.Data.Entity.Core.Objects.ELinq.ExpressionConverter.MethodCallTranslator.ObjectQueryMergeAsTranslator.Translate(ExpressionConverter parent, MethodCallExpression call)
    System.Data.Entity.Core.Objects.ELinq.ExpressionConverter.MethodCallTranslator.TypedTranslate(ExpressionConverter parent, MethodCallExpression linq)
    System.Data.Entity.Core.Objects.ELinq.ExpressionConverter.TranslateExpression(Expression linq)
    System.Data.Entity.Core.Objects.ELinq.ExpressionConverter.MethodCallTranslator.UnarySequenceMethodTranslator.Translate(ExpressionConverter parent, MethodCallExpression call)
    System.Data.Entity.Core.Objects.ELinq.ExpressionConverter.MethodCallTranslator.TypedTranslate(ExpressionConverter parent, MethodCallExpression linq)
    System.Data.Entity.Core.Objects.ELinq.ExpressionConverter.TranslateExpression(Expression linq)
    System.Data.Entity.Core.Objects.ELinq.ExpressionConverter.Convert()
    System.Data.Entity.Core.Objects.ELinq.ELinqQueryState.GetExecutionPlan(Nullable`1 forMergeOption)
    System.Data.Entity.Core.Objects.ObjectQuery`1.<>c__DisplayClass7.<GetResults>b__6()
    System.Data.Entity.Core.Objects.ObjectContext.ExecuteInTransaction[T](Func`1 func, IDbExecutionStrategy executionStrategy, Boolean startLocalTransaction, Boolean releaseConnectionOnSuccess)
    System.Data.Entity.Core.Objects.ObjectQuery`1.<>c__DisplayClass7.<GetResults>b__5()
    System.Data.Entity.SqlServer.DefaultSqlExecutionStrategy.Execute[TResult](Func`1 operation)
    System.Data.Entity.Core.Objects.ObjectQuery`1.GetResults(Nullable`1 forMergeOption)
    System.Data.Entity.Core.Objects.ObjectQuery`1.<System.Collections.Generic.IEnumerable<T>.GetEnumerator>b__0()
    System.Data.Entity.Internal.LazyEnumerator`1.MoveNext()
    System.Linq.Enumerable.SingleOrDefault[TSource](IEnumerable`1 source)
    System.Data.Entity.Internal.Linq.InternalSet`1.FindInStore(WrappedEntityKey key, String keyValuesParamName)
   --- ず场ㄒ~p帮|l萝旱钵 ---
    System.Data.Entity.Internal.Linq.InternalSet`1.FindInStore(WrappedEntityKey key, String keyValuesParamName)
    System.Data.Entity.Internal.Linq.InternalSet`1.Find(Object[] keyValues)
    BLL.PosRepository.Delete(String id)  C:\Users\Kevin Lau\Documents\Visual Studio 2013\Projects\WordCollocation2015_wc\BLL\PosRepository.cs:  166

[Log Ends]

[Log Starts]
[Log Ends]

[Log Starts]
[Log Ends]

[Log Starts]
[Log Ends]

[Log Starts]
[Log Ends]

[Log Starts]
[Log Ends]

[Log Starts]
[Log Ends]

[Log Starts]
[Log Ends]

[Log Starts]
[Log Ends]

[Log Starts]
[Log Ends]

[Log Starts]
[Log Ends]

[Log Starts]
[Log Ends]

[Log Starts]
[Log Ends]

[Log Starts]
[Log Ends]

[Log Starts]
[Log Ends]

[Log Starts]
[Log Ends]

[Log Starts]
[Log Ends]

[Log Starts]
[Log Ends]

[Log Starts]
[Log Ends]

[Log Starts]
[Log Ends]

[Log Starts]
[Log Ends]

[Log Starts]
[Log Ends]

[Log Starts]
[Log Ends]

