[Log Starts]
[Log Ends]

[Log Starts]
ERROR : 2015-05-09 18:59:47,363  3893ms ErrorController        JsErrorHandler     - <html><head><style> body {font-family:"Verdana";font-weight:normal;font-size: .7em;color:black;}  p {font-family:"Verdana";font-weight:normal;color:black;margin-top: -5px} b {font-family:"Verdana";font-weight:bold;color:black;margin-top: -5px} H1 { font-family:"Verdana";font-weight:normal;font-size:16pt;color:red } H2 { font-family:"Verdana";font-weight:normal;font-size:14pt;color:maroon } H4 { font-family:"Verdana";font-weight:bold;font-size:11pt;} pre {font-family:"Lucida Console";font-size: .9em} .marker {font-weight: bold; color: black;text-decoration: none;} .version {color: gray;} .error {margin-bottom: 10px;} .expandable { text-decoration:underline; font-weight:bold; color:navy; cursor:hand; }</style></head><body bgcolor="white"><b>Date:</b> 2015-05-09 18:59:43<br><b>Page:</b> <a href="http://localhost:50370/js_error_log_demo.html">http://localhost:50370/js_error_log_demo.html</a><br><b>JS File: </b><a href="http://localhost:50370/js_error_log_demo.html">http://localhost:50370/js_error_log_demo.html</a><br><b>Error Message: </b>ReferenceError: generateError is not defined<br><b>Line:</b>9<br><br><h4>Server Variables:</h4><b>ALL_HTTP:</b> HTTP_CACHE_CONTROL:no-cache
HTTP_CONNECTION:keep-alive
HTTP_PRAGMA:no-cache
HTTP_CONTENT_LENGTH:125
HTTP_CONTENT_TYPE:application/x-www-form-urlencoded; charset=UTF-8
HTTP_ACCEPT:text/html,application/xhtml+xml,application/xml;q=0.9,*/*;q=0.8
HTTP_ACCEPT_ENCODING:gzip, deflate
HTTP_ACCEPT_LANGUAGE:en-US,en;q=0.5
HTTP_COOKIE:11fc47d20e1fec2bcc5a869e6c0de1a6=280d68ff1102b24f10cd9cd78c7ec7d0d29f7866a%3A4%3A%7Bi%3A0%3Bs%3A5%3A%22admin%22%3Bi%3A1%3Bs%3A5%3A%22admin%22%3Bi%3A2%3Bi%3A2592000%3Bi%3A3%3Ba%3A0%3A%7B%7D%7D; ai_session=e07b22be586e48be8282c834cb45936b|2015-05-02T08:44:14.581Z|2015-05-02T09:28:25.649Z; ai_user=2d3863cce5394d9f908fdfe43a680121|2015-05-02T08:44:14.5814427+00:00; .AspNet.ApplicationCookie=x-U-6DYqYUt4A-L_EIg47onLWA_9pcWFaHXMbDf_1pXFPS4qixXBKG-4cl66yPOz7KKn1LYhHi5XbMc9e5Kd_M7FF-sIWyq_trSpacg_GfZYHlz7KO3LdqrfG8ILts5O21sPPq2p34ncjo7QMSMOQ66jxUzT5zQW4LNSyiFkwDHwSs6NQhZrZpfL94alDXMCE6hdxa50yi3k4_wcgy4ikkiPQmqhvdikL6LSacPIrc_x0uc1rj3fTcf9ldKg6Ax9eNO_ag-eMnhQXYimlbMcyfnkrY4AcqQwI80_CgwXtGVMBVxWn7NfDVi00jusATEb48O5zUXBV_yTWB_wQIhVljI3ZoGxB9xmVkuvqmemdybB1TTajzFGCYAGQiuU-5CSxI8jWEb7I2b8IADx1bZptowBNHc3h2Hrx42JJsb0ZAnPHKrW4iiar34D0rGBvD1CedTcp5zA_XmM3zyPglH4qKsZnDf1Z0i-xWLGh02YDYCp3MjZYDY7TMipmlfpaGqbR99Zr3O_RoL0wNn9iHtoEQ
HTTP_HOST:localhost:50370
HTTP_REFERER:http://localhost:50370/js_error_log_demo.html
HTTP_USER_AGENT:Mozilla/5.0 (Windows NT 6.1; WOW64; rv:37.0) Gecko/20100101 Firefox/37.0
<br><b>ALL_RAW:</b> Cache-Control: no-cache
Connection: keep-alive
Pragma: no-cache
Content-Length: 125
Content-Type: application/x-www-form-urlencoded; charset=UTF-8
Accept: text/html,application/xhtml+xml,application/xml;q=0.9,*/*;q=0.8
Accept-Encoding: gzip, deflate
Accept-Language: en-US,en;q=0.5
Cookie: 11fc47d20e1fec2bcc5a869e6c0de1a6=280d68ff1102b24f10cd9cd78c7ec7d0d29f7866a%3A4%3A%7Bi%3A0%3Bs%3A5%3A%22admin%22%3Bi%3A1%3Bs%3A5%3A%22admin%22%3Bi%3A2%3Bi%3A2592000%3Bi%3A3%3Ba%3A0%3A%7B%7D%7D; ai_session=e07b22be586e48be8282c834cb45936b|2015-05-02T08:44:14.581Z|2015-05-02T09:28:25.649Z; ai_user=2d3863cce5394d9f908fdfe43a680121|2015-05-02T08:44:14.5814427+00:00; .AspNet.ApplicationCookie=x-U-6DYqYUt4A-L_EIg47onLWA_9pcWFaHXMbDf_1pXFPS4qixXBKG-4cl66yPOz7KKn1LYhHi5XbMc9e5Kd_M7FF-sIWyq_trSpacg_GfZYHlz7KO3LdqrfG8ILts5O21sPPq2p34ncjo7QMSMOQ66jxUzT5zQW4LNSyiFkwDHwSs6NQhZrZpfL94alDXMCE6hdxa50yi3k4_wcgy4ikkiPQmqhvdikL6LSacPIrc_x0uc1rj3fTcf9ldKg6Ax9eNO_ag-eMnhQXYimlbMcyfnkrY4AcqQwI80_CgwXtGVMBVxWn7NfDVi00jusATEb48O5zUXBV_yTWB_wQIhVljI3ZoGxB9xmVkuvqmemdybB1TTajzFGCYAGQiuU-5CSxI8jWEb7I2b8IADx1bZptowBNHc3h2Hrx42JJsb0ZAnPHKrW4iiar34D0rGBvD1CedTcp5zA_XmM3zyPglH4qKsZnDf1Z0i-xWLGh02YDYCp3MjZYDY7TMipmlfpaGqbR99Zr3O_RoL0wNn9iHtoEQ
Host: localhost:50370
Referer: http://localhost:50370/js_error_log_demo.html
User-Agent: Mozilla/5.0 (Windows NT 6.1; WOW64; rv:37.0) Gecko/20100101 Firefox/37.0
<br><b>APPL_MD_PATH:</b> /LM/W3SVC/8/ROOT<br><b>APPL_PHYSICAL_PATH:</b> C:\Users\Administrator\Documents\Visual Studio 2013\Projects\WordCollocation2015_wc\UI\<br><b>AUTH_TYPE:</b> <br><b>AUTH_USER:</b> <br><b>AUTH_PASSWORD:</b> <br><b>LOGON_USER:</b> <br><b>REMOTE_USER:</b> <br><b>CERT_COOKIE:</b> <br><b>CERT_FLAGS:</b> <br><b>CERT_ISSUER:</b> <br><b>CERT_KEYSIZE:</b> <br><b>CERT_SECRETKEYSIZE:</b> <br><b>CERT_SERIALNUMBER:</b> <br><b>CERT_SERVER_ISSUER:</b> <br><b>CERT_SERVER_SUBJECT:</b> <br><b>CERT_SUBJECT:</b> <br><b>CONTENT_LENGTH:</b> 125<br><b>CONTENT_TYPE:</b> application/x-www-form-urlencoded; charset=UTF-8<br><b>GATEWAY_INTERFACE:</b> CGI/1.1<br><b>HTTPS:</b> off<br><b>HTTPS_KEYSIZE:</b> <br><b>HTTPS_SECRETKEYSIZE:</b> <br><b>HTTPS_SERVER_ISSUER:</b> <br><b>HTTPS_SERVER_SUBJECT:</b> <br><b>INSTANCE_ID:</b> 8<br><b>INSTANCE_META_PATH:</b> /LM/W3SVC/8<br><b>LOCAL_ADDR:</b> 127.0.0.1<br><b>PATH_INFO:</b> /Error/JSErrorHandler<br><b>PATH_TRANSLATED:</b> C:\Users\Administrator\Documents\Visual Studio 2013\Projects\WordCollocation2015_wc\UI\Error\JSErrorHandler<br><b>QUERY_STRING:</b> <br><b>REMOTE_ADDR:</b> 127.0.0.1<br><b>REMOTE_HOST:</b> 127.0.0.1<br><b>REMOTE_PORT:</b> 65479<br><b>REQUEST_METHOD:</b> POST<br><b>SCRIPT_NAME:</b> /Error/JSErrorHandler<br><b>SERVER_NAME:</b> localhost<br><b>SERVER_PORT:</b> 50370<br><b>SERVER_PORT_SECURE:</b> 0<br><b>SERVER_PROTOCOL:</b> HTTP/1.1<br><b>SERVER_SOFTWARE:</b> Microsoft-IIS/8.0<br><b>URL:</b> /Error/JSErrorHandler<br><b>HTTP_CACHE_CONTROL:</b> no-cache<br><b>HTTP_CONNECTION:</b> keep-alive<br><b>HTTP_PRAGMA:</b> no-cache<br><b>HTTP_CONTENT_LENGTH:</b> 125<br><b>HTTP_CONTENT_TYPE:</b> application/x-www-form-urlencoded; charset=UTF-8<br><b>HTTP_ACCEPT:</b> text/html,application/xhtml+xml,application/xml;q=0.9,*/*;q=0.8<br><b>HTTP_ACCEPT_ENCODING:</b> gzip, deflate<br><b>HTTP_ACCEPT_LANGUAGE:</b> en-US,en;q=0.5<br><b>HTTP_COOKIE:</b> 11fc47d20e1fec2bcc5a869e6c0de1a6=280d68ff1102b24f10cd9cd78c7ec7d0d29f7866a%3A4%3A%7Bi%3A0%3Bs%3A5%3A%22admin%22%3Bi%3A1%3Bs%3A5%3A%22admin%22%3Bi%3A2%3Bi%3A2592000%3Bi%3A3%3Ba%3A0%3A%7B%7D%7D; ai_session=e07b22be586e48be8282c834cb45936b|2015-05-02T08:44:14.581Z|2015-05-02T09:28:25.649Z; ai_user=2d3863cce5394d9f908fdfe43a680121|2015-05-02T08:44:14.5814427+00:00; .AspNet.ApplicationCookie=x-U-6DYqYUt4A-L_EIg47onLWA_9pcWFaHXMbDf_1pXFPS4qixXBKG-4cl66yPOz7KKn1LYhHi5XbMc9e5Kd_M7FF-sIWyq_trSpacg_GfZYHlz7KO3LdqrfG8ILts5O21sPPq2p34ncjo7QMSMOQ66jxUzT5zQW4LNSyiFkwDHwSs6NQhZrZpfL94alDXMCE6hdxa50yi3k4_wcgy4ikkiPQmqhvdikL6LSacPIrc_x0uc1rj3fTcf9ldKg6Ax9eNO_ag-eMnhQXYimlbMcyfnkrY4AcqQwI80_CgwXtGVMBVxWn7NfDVi00jusATEb48O5zUXBV_yTWB_wQIhVljI3ZoGxB9xmVkuvqmemdybB1TTajzFGCYAGQiuU-5CSxI8jWEb7I2b8IADx1bZptowBNHc3h2Hrx42JJsb0ZAnPHKrW4iiar34D0rGBvD1CedTcp5zA_XmM3zyPglH4qKsZnDf1Z0i-xWLGh02YDYCp3MjZYDY7TMipmlfpaGqbR99Zr3O_RoL0wNn9iHtoEQ<br><b>HTTP_HOST:</b> localhost:50370<br><b>HTTP_REFERER:</b> http://localhost:50370/js_error_log_demo.html<br><b>HTTP_USER_AGENT:</b> Mozilla/5.0 (Windows NT 6.1; WOW64; rv:37.0) Gecko/20100101 Firefox/37.0<br><h4>Session Variables:</h4><b>No Session values: 0</b> <br></body></html>
ERROR : 2015-05-09 19:01:54,474 131004ms DataAccess             CreateDataSet      - The ConnectionString property has not been initialized.System.InvalidOperationException: The ConnectionString property has not been initialized.
   at System.Data.SqlClient.SqlConnection.PermissionDemand()
   at System.Data.SqlClient.SqlConnectionFactory.PermissionDemand(DbConnection outerConnection)
   at System.Data.ProviderBase.DbConnectionInternal.TryOpenConnectionInternal(DbConnection outerConnection, DbConnectionFactory connectionFactory, TaskCompletionSource`1 retry, DbConnectionOptions userOptions)
   at System.Data.ProviderBase.DbConnectionClosed.TryOpenConnection(DbConnection outerConnection, DbConnectionFactory connectionFactory, TaskCompletionSource`1 retry, DbConnectionOptions userOptions)
   at System.Data.SqlClient.SqlConnection.TryOpenInner(TaskCompletionSource`1 retry)
   at System.Data.SqlClient.SqlConnection.TryOpen(TaskCompletionSource`1 retry)
   at System.Data.SqlClient.SqlConnection.Open()
   at System.Data.Common.DbDataAdapter.FillInternal(DataSet dataset, DataTable[] datatables, Int32 startRecord, Int32 maxRecords, String srcTable, IDbCommand command, CommandBehavior behavior)
   at System.Data.Common.DbDataAdapter.Fill(DataSet dataSet, Int32 startRecord, Int32 maxRecords, String srcTable, IDbCommand command, CommandBehavior behavior)
   at System.Data.Common.DbDataAdapter.Fill(DataSet dataSet)
   at DAL.DataAccess.CreateDataSet(String connString, String sql, CommandType commandType, String datasetName, SqlParameter[] parameters) in c:\Users\Administrator\Documents\Visual Studio 2013\Projects\WordCollocation2015_wc\DAL\DataAccess.cs:line 121

ERROR : 2015-05-09 19:01:54,484 131014ms ErrorController        Log4netDemo        - The ConnectionString property has not been initialized.System.Exception: The ConnectionString property has not been initialized.
   at DAL.DataAccess.CreateDataSet(String connString, String sql, CommandType commandType, String datasetName, SqlParameter[] parameters) in c:\Users\Administrator\Documents\Visual Studio 2013\Projects\WordCollocation2015_wc\DAL\DataAccess.cs:line 132
   at UI.Controllers.ErrorController.Log4netDemo() in c:\Users\Administrator\Documents\Visual Studio 2013\Projects\WordCollocation2015_wc\UI\Controllers\ErrorController.cs:line 197

[Log Ends]

[Log Starts]
[Log Ends]

[Log Starts]
ERROR : 2015-05-09 19:05:08,480   175ms DataAccess             CreateDataSet      - The ConnectionString property has not been initialized.System.InvalidOperationException: The ConnectionString property has not been initialized.
   at System.Data.SqlClient.SqlConnection.PermissionDemand()
   at System.Data.SqlClient.SqlConnectionFactory.PermissionDemand(DbConnection outerConnection)
   at System.Data.ProviderBase.DbConnectionInternal.TryOpenConnectionInternal(DbConnection outerConnection, DbConnectionFactory connectionFactory, TaskCompletionSource`1 retry, DbConnectionOptions userOptions)
   at System.Data.ProviderBase.DbConnectionClosed.TryOpenConnection(DbConnection outerConnection, DbConnectionFactory connectionFactory, TaskCompletionSource`1 retry, DbConnectionOptions userOptions)
   at System.Data.SqlClient.SqlConnection.TryOpenInner(TaskCompletionSource`1 retry)
   at System.Data.SqlClient.SqlConnection.TryOpen(TaskCompletionSource`1 retry)
   at System.Data.SqlClient.SqlConnection.Open()
   at System.Data.Common.DbDataAdapter.FillInternal(DataSet dataset, DataTable[] datatables, Int32 startRecord, Int32 maxRecords, String srcTable, IDbCommand command, CommandBehavior behavior)
   at System.Data.Common.DbDataAdapter.Fill(DataSet dataSet, Int32 startRecord, Int32 maxRecords, String srcTable, IDbCommand command, CommandBehavior behavior)
   at System.Data.Common.DbDataAdapter.Fill(DataSet dataSet)
   at DAL.DataAccess.CreateDataSet(String connString, String sql, CommandType commandType, String datasetName, SqlParameter[] parameters) in c:\Users\Administrator\Documents\Visual Studio 2013\Projects\WordCollocation2015_wc\DAL\DataAccess.cs:line 121

ERROR : 2015-05-09 19:05:08,499   194ms ErrorController        Log4netDemo        - The ConnectionString property has not been initialized.System.Exception: The ConnectionString property has not been initialized.
   at DAL.DataAccess.CreateDataSet(String connString, String sql, CommandType commandType, String datasetName, SqlParameter[] parameters) in c:\Users\Administrator\Documents\Visual Studio 2013\Projects\WordCollocation2015_wc\DAL\DataAccess.cs:line 132
   at UI.Controllers.ErrorController.Log4netDemo() in c:\Users\Administrator\Documents\Visual Studio 2013\Projects\WordCollocation2015_wc\UI\Controllers\ErrorController.cs:line 197

[Log Ends]

[Log Starts]
[Log Ends]

[Log Starts]
ERROR : 2015-05-09 19:07:48,623   180ms DataAccess             CreateDataSet      - The ConnectionString property has not been initialized.System.InvalidOperationException: The ConnectionString property has not been initialized.
   at System.Data.SqlClient.SqlConnection.PermissionDemand()
   at System.Data.SqlClient.SqlConnectionFactory.PermissionDemand(DbConnection outerConnection)
   at System.Data.ProviderBase.DbConnectionInternal.TryOpenConnectionInternal(DbConnection outerConnection, DbConnectionFactory connectionFactory, TaskCompletionSource`1 retry, DbConnectionOptions userOptions)
   at System.Data.ProviderBase.DbConnectionClosed.TryOpenConnection(DbConnection outerConnection, DbConnectionFactory connectionFactory, TaskCompletionSource`1 retry, DbConnectionOptions userOptions)
   at System.Data.SqlClient.SqlConnection.TryOpenInner(TaskCompletionSource`1 retry)
   at System.Data.SqlClient.SqlConnection.TryOpen(TaskCompletionSource`1 retry)
   at System.Data.SqlClient.SqlConnection.Open()
   at System.Data.Common.DbDataAdapter.FillInternal(DataSet dataset, DataTable[] datatables, Int32 startRecord, Int32 maxRecords, String srcTable, IDbCommand command, CommandBehavior behavior)
   at System.Data.Common.DbDataAdapter.Fill(DataSet dataSet, Int32 startRecord, Int32 maxRecords, String srcTable, IDbCommand command, CommandBehavior behavior)
   at System.Data.Common.DbDataAdapter.Fill(DataSet dataSet)
   at DAL.DataAccess.CreateDataSet(String connString, String sql, CommandType commandType, String datasetName, SqlParameter[] parameters) in c:\Users\Administrator\Documents\Visual Studio 2013\Projects\WordCollocation2015_wc\DAL\DataAccess.cs:line 121

ERROR : 2015-05-09 19:07:48,643   200ms ErrorController        Log4netDemo        - The ConnectionString property has not been initialized.System.Exception: The ConnectionString property has not been initialized.
   at DAL.DataAccess.CreateDataSet(String connString, String sql, CommandType commandType, String datasetName, SqlParameter[] parameters) in c:\Users\Administrator\Documents\Visual Studio 2013\Projects\WordCollocation2015_wc\DAL\DataAccess.cs:line 132
   at UI.Controllers.ErrorController.Log4netDemo() in c:\Users\Administrator\Documents\Visual Studio 2013\Projects\WordCollocation2015_wc\UI\Controllers\ErrorController.cs:line 197

ERROR : 2015-05-09 19:13:19,986 331542ms DataAccess             CreateDataSet      - The ConnectionString property has not been initialized.System.InvalidOperationException: The ConnectionString property has not been initialized.
   at System.Data.SqlClient.SqlConnection.PermissionDemand()
   at System.Data.SqlClient.SqlConnectionFactory.PermissionDemand(DbConnection outerConnection)
   at System.Data.ProviderBase.DbConnectionInternal.TryOpenConnectionInternal(DbConnection outerConnection, DbConnectionFactory connectionFactory, TaskCompletionSource`1 retry, DbConnectionOptions userOptions)
   at System.Data.ProviderBase.DbConnectionClosed.TryOpenConnection(DbConnection outerConnection, DbConnectionFactory connectionFactory, TaskCompletionSource`1 retry, DbConnectionOptions userOptions)
   at System.Data.SqlClient.SqlConnection.TryOpenInner(TaskCompletionSource`1 retry)
   at System.Data.SqlClient.SqlConnection.TryOpen(TaskCompletionSource`1 retry)
   at System.Data.SqlClient.SqlConnection.Open()
   at System.Data.Common.DbDataAdapter.FillInternal(DataSet dataset, DataTable[] datatables, Int32 startRecord, Int32 maxRecords, String srcTable, IDbCommand command, CommandBehavior behavior)
   at System.Data.Common.DbDataAdapter.Fill(DataSet dataSet, Int32 startRecord, Int32 maxRecords, String srcTable, IDbCommand command, CommandBehavior behavior)
   at System.Data.Common.DbDataAdapter.Fill(DataSet dataSet)
   at DAL.DataAccess.CreateDataSet(String connString, String sql, CommandType commandType, String datasetName, SqlParameter[] parameters) in c:\Users\Administrator\Documents\Visual Studio 2013\Projects\WordCollocation2015_wc\DAL\DataAccess.cs:line 121

ERROR : 2015-05-09 19:13:19,986 331542ms ErrorController        Log4netDemo        - The ConnectionString property has not been initialized.System.Exception: The ConnectionString property has not been initialized.
   at DAL.DataAccess.CreateDataSet(String connString, String sql, CommandType commandType, String datasetName, SqlParameter[] parameters) in c:\Users\Administrator\Documents\Visual Studio 2013\Projects\WordCollocation2015_wc\DAL\DataAccess.cs:line 132
   at UI.Controllers.ErrorController.Log4netDemo() in c:\Users\Administrator\Documents\Visual Studio 2013\Projects\WordCollocation2015_wc\UI\Controllers\ErrorController.cs:line 197

[Log Ends]

[Log Starts]
[Log Ends]

[Log Starts]
ERROR : 2015-05-09 19:14:03,885   187ms DataAccess             CreateDataSet      - The ConnectionString property has not been initialized.System.InvalidOperationException: The ConnectionString property has not been initialized.
   at System.Data.SqlClient.SqlConnection.PermissionDemand()
   at System.Data.SqlClient.SqlConnectionFactory.PermissionDemand(DbConnection outerConnection)
   at System.Data.ProviderBase.DbConnectionInternal.TryOpenConnectionInternal(DbConnection outerConnection, DbConnectionFactory connectionFactory, TaskCompletionSource`1 retry, DbConnectionOptions userOptions)
   at System.Data.ProviderBase.DbConnectionClosed.TryOpenConnection(DbConnection outerConnection, DbConnectionFactory connectionFactory, TaskCompletionSource`1 retry, DbConnectionOptions userOptions)
   at System.Data.SqlClient.SqlConnection.TryOpenInner(TaskCompletionSource`1 retry)
   at System.Data.SqlClient.SqlConnection.TryOpen(TaskCompletionSource`1 retry)
   at System.Data.SqlClient.SqlConnection.Open()
   at System.Data.Common.DbDataAdapter.FillInternal(DataSet dataset, DataTable[] datatables, Int32 startRecord, Int32 maxRecords, String srcTable, IDbCommand command, CommandBehavior behavior)
   at System.Data.Common.DbDataAdapter.Fill(DataSet dataSet, Int32 startRecord, Int32 maxRecords, String srcTable, IDbCommand command, CommandBehavior behavior)
   at System.Data.Common.DbDataAdapter.Fill(DataSet dataSet)
   at DAL.DataAccess.CreateDataSet(String connString, String sql, CommandType commandType, String datasetName, SqlParameter[] parameters) in c:\Users\Administrator\Documents\Visual Studio 2013\Projects\WordCollocation2015_wc\DAL\DataAccess.cs:line 121

ERROR : 2015-05-09 19:14:03,904   206ms ErrorController        Log4netDemo        - The ConnectionString property has not been initialized.System.Exception: The ConnectionString property has not been initialized.
   at DAL.DataAccess.CreateDataSet(String connString, String sql, CommandType commandType, String datasetName, SqlParameter[] parameters) in c:\Users\Administrator\Documents\Visual Studio 2013\Projects\WordCollocation2015_wc\DAL\DataAccess.cs:line 132
   at UI.Controllers.ErrorController.Log4netDemo() in c:\Users\Administrator\Documents\Visual Studio 2013\Projects\WordCollocation2015_wc\UI\Controllers\ErrorController.cs:line 197

[Log Ends]

[Log Starts]
[Log Ends]

[Log Starts]
[Log Ends]

[Log Starts]
[Log Ends]

[Log Starts]
[Log Ends]

[Log Starts]
[Log Ends]

[Log Starts]
[Log Ends]

[Log Starts]
[Log Ends]

[Log Starts]
[Log Ends]

[Log Starts]
[Log Ends]

[Log Starts]
[Log Ends]

[Log Starts]
[Log Ends]

[Log Starts]
[Log Ends]

[Log Starts]
[Log Ends]

[Log Starts]
[Log Ends]

[Log Starts]
[Log Ends]

[Log Starts]
[Log Ends]

[Log Starts]
[Log Ends]

[Log Starts]
[Log Ends]

[Log Starts]
[Log Ends]

[Log Starts]
[Log Ends]

[Log Starts]
[Log Ends]

[Log Starts]
[Log Ends]

[Log Starts]
[Log Ends]

[Log Starts]
[Log Ends]

[Log Starts]
[Log Ends]

[Log Starts]
[Log Ends]

[Log Starts]
[Log Ends]

[Log Starts]
[Log Ends]

[Log Starts]
[Log Ends]

[Log Starts]
[Log Ends]

[Log Starts]
[Log Ends]

[Log Starts]
[Log Ends]

[Log Starts]
[Log Ends]

[Log Starts]
[Log Ends]

[Log Starts]
[Log Ends]

[Log Starts]
[Log Ends]

[Log Starts]
[Log Ends]

[Log Starts]
[Log Ends]

[Log Starts]
[Log Ends]

[Log Starts]
[Log Ends]

[Log Starts]
[Log Ends]

[Log Starts]
[Log Ends]

[Log Starts]
[Log Ends]

[Log Starts]
[Log Ends]

[Log Starts]
[Log Ends]

[Log Starts]
[Log Ends]

[Log Starts]
[Log Ends]

[Log Starts]
[Log Ends]

[Log Starts]
[Log Ends]

[Log Starts]
[Log Ends]

[Log Starts]
[Log Ends]

[Log Starts]
[Log Ends]

[Log Starts]
[Log Ends]

[Log Starts]
[Log Ends]

[Log Starts]
[Log Ends]

[Log Starts]
[Log Ends]

[Log Starts]
[Log Ends]

[Log Starts]
[Log Ends]

[Log Starts]
[Log Ends]

[Log Starts]
[Log Ends]

[Log Starts]
[Log Ends]

[Log Starts]
[Log Ends]

[Log Starts]
[Log Ends]

[Log Starts]
[Log Ends]

[Log Starts]
[Log Ends]

[Log Starts]
[Log Ends]

[Log Starts]
[Log Ends]

