[Log Starts]
[Log Ends]

[Log Starts]
[Log Ends]

[Log Starts]
[Log Ends]

[Log Starts]
ERROR : 2015-08-03 15:43:12,177 22441ms DataAccess             CreateDataSet      - Procedure or function 'GetUserByEmail' expects parameter '@Email', which was not supplied.System.Data.SqlClient.SqlException (0x80131904): Procedure or function 'GetUserByEmail' expects parameter '@Email', which was not supplied.
   於 System.Data.SqlClient.SqlConnection.OnError(SqlException exception, Boolean breakConnection, Action`1 wrapCloseInAction)
   於 System.Data.SqlClient.TdsParser.ThrowExceptionAndWarning(TdsParserStateObject stateObj, Boolean callerHasConnectionLock, Boolean asyncClose)
   於 System.Data.SqlClient.TdsParser.TryRun(RunBehavior runBehavior, SqlCommand cmdHandler, SqlDataReader dataStream, BulkCopySimpleResultSet bulkCopyHandler, TdsParserStateObject stateObj, Boolean& dataReady)
   於 System.Data.SqlClient.SqlDataReader.TryConsumeMetaData()
   於 System.Data.SqlClient.SqlDataReader.get_MetaData()
   於 System.Data.SqlClient.SqlCommand.FinishExecuteReader(SqlDataReader ds, RunBehavior runBehavior, String resetOptionsString)
   於 System.Data.SqlClient.SqlCommand.RunExecuteReaderTds(CommandBehavior cmdBehavior, RunBehavior runBehavior, Boolean returnStream, Boolean async, Int32 timeout, Task& task, Boolean asyncWrite, SqlDataReader ds, Boolean describeParameterEncryptionRequest)
   於 System.Data.SqlClient.SqlCommand.RunExecuteReader(CommandBehavior cmdBehavior, RunBehavior runBehavior, Boolean returnStream, String method, TaskCompletionSource`1 completion, Int32 timeout, Task& task, Boolean asyncWrite)
   於 System.Data.SqlClient.SqlCommand.RunExecuteReader(CommandBehavior cmdBehavior, RunBehavior runBehavior, Boolean returnStream, String method)
   於 System.Data.SqlClient.SqlCommand.ExecuteReader(CommandBehavior behavior, String method)
   於 System.Data.Common.DbDataAdapter.FillInternal(DataSet dataset, DataTable[] datatables, Int32 startRecord, Int32 maxRecords, String srcTable, IDbCommand command, CommandBehavior behavior)
   於 System.Data.Common.DbDataAdapter.Fill(DataSet dataSet, Int32 startRecord, Int32 maxRecords, String srcTable, IDbCommand command, CommandBehavior behavior)
   於 System.Data.Common.DbDataAdapter.Fill(DataSet dataSet)
   於 DAL.DataAccess.CreateDataSet(String connString, String sql, CommandType commandType, String datasetName, SqlParameter[] parameters) 於 C:\Users\Kevin Lau\Documents\Visual Studio 2013\Projects\WordCollocation2015_wc\DAL\DataAccess.cs: 行 121
ClientConnectionId:f42856dd-4ce7-4402-b57e-d5e2726a0725
Error Number:201,State:4,Class:16

ERROR : 2015-08-03 15:43:12,404 22668ms AccountRepository      GetUserByEmail     - Procedure or function 'GetUserByEmail' expects parameter '@Email', which was not supplied.System.Exception: Procedure or function 'GetUserByEmail' expects parameter '@Email', which was not supplied.
   於 DAL.DataAccess.CreateDataSet(String connString, String sql, CommandType commandType, String datasetName, SqlParameter[] parameters) 於 C:\Users\Kevin Lau\Documents\Visual Studio 2013\Projects\WordCollocation2015_wc\DAL\DataAccess.cs: 行 127
   於 BLL.AccountRepository.GetUserByEmail(String email) 於 C:\Users\Kevin Lau\Documents\Visual Studio 2013\Projects\WordCollocation2015_wc\BLL\AccountRepository.cs: 行 121

[Log Ends]

[Log Starts]
[Log Ends]

[Log Starts]
[Log Ends]

[Log Starts]
[Log Ends]

[Log Starts]
[Log Ends]

[Log Starts]
[Log Ends]

[Log Starts]
[Log Ends]

[Log Starts]
[Log Ends]

[Log Starts]
[Log Ends]

[Log Starts]
[Log Ends]

[Log Starts]
[Log Ends]

[Log Starts]
[Log Ends]

[Log Starts]
[Log Ends]

[Log Starts]
[Log Ends]

[Log Starts]
[Log Ends]

[Log Starts]
[Log Ends]

[Log Starts]
[Log Ends]

[Log Starts]
[Log Ends]

[Log Starts]
[Log Ends]

[Log Starts]
[Log Ends]

[Log Starts]
[Log Ends]

[Log Starts]
[Log Ends]

[Log Starts]
[Log Ends]

[Log Starts]
[Log Ends]

[Log Starts]
[Log Ends]

[Log Starts]
[Log Ends]

[Log Starts]
ERROR : 2015-08-03 16:15:04,392 22645ms MvcApplication         uthenticateRequest - An error occurred while executing the command definition. See the inner exception for details.System.Data.Entity.Core.EntityCommandExecutionException: An error occurred while executing the command definition. See the inner exception for details. ---> System.Data.SqlClient.SqlException: Invalid object name 'dbo.UsersInRoles'.
   at System.Data.SqlClient.SqlConnection.OnError(SqlException exception, Boolean breakConnection, Action`1 wrapCloseInAction)
   at System.Data.SqlClient.TdsParser.ThrowExceptionAndWarning(TdsParserStateObject stateObj, Boolean callerHasConnectionLock, Boolean asyncClose)
   at System.Data.SqlClient.TdsParser.TryRun(RunBehavior runBehavior, SqlCommand cmdHandler, SqlDataReader dataStream, BulkCopySimpleResultSet bulkCopyHandler, TdsParserStateObject stateObj, Boolean& dataReady)
   at System.Data.SqlClient.SqlDataReader.TryConsumeMetaData()
   at System.Data.SqlClient.SqlDataReader.get_MetaData()
   at System.Data.SqlClient.SqlCommand.FinishExecuteReader(SqlDataReader ds, RunBehavior runBehavior, String resetOptionsString)
   at System.Data.SqlClient.SqlCommand.RunExecuteReaderTds(CommandBehavior cmdBehavior, RunBehavior runBehavior, Boolean returnStream, Boolean async, Int32 timeout, Task& task, Boolean asyncWrite, SqlDataReader ds, Boolean describeParameterEncryptionRequest)
   at System.Data.SqlClient.SqlCommand.RunExecuteReader(CommandBehavior cmdBehavior, RunBehavior runBehavior, Boolean returnStream, String method, TaskCompletionSource`1 completion, Int32 timeout, Task& task, Boolean asyncWrite)
   at System.Data.SqlClient.SqlCommand.RunExecuteReader(CommandBehavior cmdBehavior, RunBehavior runBehavior, Boolean returnStream, String method)
   at System.Data.SqlClient.SqlCommand.ExecuteReader(CommandBehavior behavior, String method)
   at System.Data.Entity.Infrastructure.Interception.InternalDispatcher`1.Dispatch[TTarget,TInterceptionContext,TResult](TTarget target, Func`3 operation, TInterceptionContext interceptionContext, Action`3 executing, Action`3 executed)
   at System.Data.Entity.Infrastructure.Interception.DbCommandDispatcher.Reader(DbCommand command, DbCommandInterceptionContext interceptionContext)
   at System.Data.Entity.Core.EntityClient.Internal.EntityCommandDefinition.ExecuteStoreCommands(EntityCommand entityCommand, CommandBehavior behavior)
   --- End of inner exception stack trace ---
   at System.Data.Entity.Core.EntityClient.Internal.EntityCommandDefinition.ExecuteStoreCommands(EntityCommand entityCommand, CommandBehavior behavior)
   at System.Data.Entity.Core.Objects.Internal.ObjectQueryExecutionPlan.Execute[TResultType](ObjectContext context, ObjectParameterCollection parameterValues)
   at System.Data.Entity.Core.Objects.ObjectContext.ExecuteInTransaction[T](Func`1 func, IDbExecutionStrategy executionStrategy, Boolean startLocalTransaction, Boolean releaseConnectionOnSuccess)
   at System.Data.Entity.Core.Objects.ObjectQuery`1.<>c__DisplayClass7.<GetResults>b__5()
   at System.Data.Entity.SqlServer.DefaultSqlExecutionStrategy.Execute[TResult](Func`1 operation)
   at System.Data.Entity.Core.Objects.ObjectQuery`1.GetResults(Nullable`1 forMergeOption)
   at System.Data.Entity.Core.Objects.ObjectQuery`1.<System.Collections.Generic.IEnumerable<T>.GetEnumerator>b__0()
   at System.Data.Entity.Internal.LazyEnumerator`1.MoveNext()
   at System.Collections.Generic.List`1..ctor(IEnumerable`1 collection)
   at System.Linq.Enumerable.ToList[TSource](IEnumerable`1 source)
   at BLL.AccountRepository.GetUsersInRolesByUserId(Int32 userId) in C:\Users\Kevin Lau\Documents\Visual Studio 2013\Projects\WordCollocation2015_wc\BLL\AccountRepository.cs:line 237
   at UI.MvcApplication.Application_PostAuthenticateRequest(Object sender, EventArgs e) in C:\Users\Kevin Lau\Documents\Visual Studio 2013\Projects\WordCollocation2015_wc\UI\Global.asax.cs:line 50

ERROR : 2015-08-03 16:15:42,385 60638ms MvcApplication         uthenticateRequest - An error occurred while executing the command definition. See the inner exception for details.System.Data.Entity.Core.EntityCommandExecutionException: An error occurred while executing the command definition. See the inner exception for details. ---> System.Data.SqlClient.SqlException: Invalid object name 'dbo.UsersInRoles'.
   at System.Data.SqlClient.SqlConnection.OnError(SqlException exception, Boolean breakConnection, Action`1 wrapCloseInAction)
   at System.Data.SqlClient.TdsParser.ThrowExceptionAndWarning(TdsParserStateObject stateObj, Boolean callerHasConnectionLock, Boolean asyncClose)
   at System.Data.SqlClient.TdsParser.TryRun(RunBehavior runBehavior, SqlCommand cmdHandler, SqlDataReader dataStream, BulkCopySimpleResultSet bulkCopyHandler, TdsParserStateObject stateObj, Boolean& dataReady)
   at System.Data.SqlClient.SqlDataReader.TryConsumeMetaData()
   at System.Data.SqlClient.SqlDataReader.get_MetaData()
   at System.Data.SqlClient.SqlCommand.FinishExecuteReader(SqlDataReader ds, RunBehavior runBehavior, String resetOptionsString)
   at System.Data.SqlClient.SqlCommand.RunExecuteReaderTds(CommandBehavior cmdBehavior, RunBehavior runBehavior, Boolean returnStream, Boolean async, Int32 timeout, Task& task, Boolean asyncWrite, SqlDataReader ds, Boolean describeParameterEncryptionRequest)
   at System.Data.SqlClient.SqlCommand.RunExecuteReader(CommandBehavior cmdBehavior, RunBehavior runBehavior, Boolean returnStream, String method, TaskCompletionSource`1 completion, Int32 timeout, Task& task, Boolean asyncWrite)
   at System.Data.SqlClient.SqlCommand.RunExecuteReader(CommandBehavior cmdBehavior, RunBehavior runBehavior, Boolean returnStream, String method)
   at System.Data.SqlClient.SqlCommand.ExecuteReader(CommandBehavior behavior, String method)
   at System.Data.Entity.Infrastructure.Interception.InternalDispatcher`1.Dispatch[TTarget,TInterceptionContext,TResult](TTarget target, Func`3 operation, TInterceptionContext interceptionContext, Action`3 executing, Action`3 executed)
   at System.Data.Entity.Infrastructure.Interception.DbCommandDispatcher.Reader(DbCommand command, DbCommandInterceptionContext interceptionContext)
   at System.Data.Entity.Core.EntityClient.Internal.EntityCommandDefinition.ExecuteStoreCommands(EntityCommand entityCommand, CommandBehavior behavior)
   --- End of inner exception stack trace ---
   at System.Data.Entity.Core.EntityClient.Internal.EntityCommandDefinition.ExecuteStoreCommands(EntityCommand entityCommand, CommandBehavior behavior)
   at System.Data.Entity.Core.Objects.Internal.ObjectQueryExecutionPlan.Execute[TResultType](ObjectContext context, ObjectParameterCollection parameterValues)
   at System.Data.Entity.Core.Objects.ObjectContext.ExecuteInTransaction[T](Func`1 func, IDbExecutionStrategy executionStrategy, Boolean startLocalTransaction, Boolean releaseConnectionOnSuccess)
   at System.Data.Entity.Core.Objects.ObjectQuery`1.<>c__DisplayClass7.<GetResults>b__5()
   at System.Data.Entity.SqlServer.DefaultSqlExecutionStrategy.Execute[TResult](Func`1 operation)
   at System.Data.Entity.Core.Objects.ObjectQuery`1.GetResults(Nullable`1 forMergeOption)
   at System.Data.Entity.Core.Objects.ObjectQuery`1.<System.Collections.Generic.IEnumerable<T>.GetEnumerator>b__0()
   at System.Data.Entity.Internal.LazyEnumerator`1.MoveNext()
   at System.Collections.Generic.List`1..ctor(IEnumerable`1 collection)
   at System.Linq.Enumerable.ToList[TSource](IEnumerable`1 source)
   at BLL.AccountRepository.GetUsersInRolesByUserId(Int32 userId) in C:\Users\Kevin Lau\Documents\Visual Studio 2013\Projects\WordCollocation2015_wc\BLL\AccountRepository.cs:line 237
   at UI.MvcApplication.Application_PostAuthenticateRequest(Object sender, EventArgs e) in C:\Users\Kevin Lau\Documents\Visual Studio 2013\Projects\WordCollocation2015_wc\UI\Global.asax.cs:line 50

ERROR : 2015-08-03 16:16:20,090 98343ms MvcApplication         uthenticateRequest - An error occurred while executing the command definition. See the inner exception for details.System.Data.Entity.Core.EntityCommandExecutionException: An error occurred while executing the command definition. See the inner exception for details. ---> System.Data.SqlClient.SqlException: Invalid object name 'dbo.UsersInRoles'.
   at System.Data.SqlClient.SqlConnection.OnError(SqlException exception, Boolean breakConnection, Action`1 wrapCloseInAction)
   at System.Data.SqlClient.TdsParser.ThrowExceptionAndWarning(TdsParserStateObject stateObj, Boolean callerHasConnectionLock, Boolean asyncClose)
   at System.Data.SqlClient.TdsParser.TryRun(RunBehavior runBehavior, SqlCommand cmdHandler, SqlDataReader dataStream, BulkCopySimpleResultSet bulkCopyHandler, TdsParserStateObject stateObj, Boolean& dataReady)
   at System.Data.SqlClient.SqlDataReader.TryConsumeMetaData()
   at System.Data.SqlClient.SqlDataReader.get_MetaData()
   at System.Data.SqlClient.SqlCommand.FinishExecuteReader(SqlDataReader ds, RunBehavior runBehavior, String resetOptionsString)
   at System.Data.SqlClient.SqlCommand.RunExecuteReaderTds(CommandBehavior cmdBehavior, RunBehavior runBehavior, Boolean returnStream, Boolean async, Int32 timeout, Task& task, Boolean asyncWrite, SqlDataReader ds, Boolean describeParameterEncryptionRequest)
   at System.Data.SqlClient.SqlCommand.RunExecuteReader(CommandBehavior cmdBehavior, RunBehavior runBehavior, Boolean returnStream, String method, TaskCompletionSource`1 completion, Int32 timeout, Task& task, Boolean asyncWrite)
   at System.Data.SqlClient.SqlCommand.RunExecuteReader(CommandBehavior cmdBehavior, RunBehavior runBehavior, Boolean returnStream, String method)
   at System.Data.SqlClient.SqlCommand.ExecuteReader(CommandBehavior behavior, String method)
   at System.Data.Entity.Infrastructure.Interception.InternalDispatcher`1.Dispatch[TTarget,TInterceptionContext,TResult](TTarget target, Func`3 operation, TInterceptionContext interceptionContext, Action`3 executing, Action`3 executed)
   at System.Data.Entity.Infrastructure.Interception.DbCommandDispatcher.Reader(DbCommand command, DbCommandInterceptionContext interceptionContext)
   at System.Data.Entity.Core.EntityClient.Internal.EntityCommandDefinition.ExecuteStoreCommands(EntityCommand entityCommand, CommandBehavior behavior)
   --- End of inner exception stack trace ---
   at System.Data.Entity.Core.EntityClient.Internal.EntityCommandDefinition.ExecuteStoreCommands(EntityCommand entityCommand, CommandBehavior behavior)
   at System.Data.Entity.Core.Objects.Internal.ObjectQueryExecutionPlan.Execute[TResultType](ObjectContext context, ObjectParameterCollection parameterValues)
   at System.Data.Entity.Core.Objects.ObjectContext.ExecuteInTransaction[T](Func`1 func, IDbExecutionStrategy executionStrategy, Boolean startLocalTransaction, Boolean releaseConnectionOnSuccess)
   at System.Data.Entity.Core.Objects.ObjectQuery`1.<>c__DisplayClass7.<GetResults>b__5()
   at System.Data.Entity.SqlServer.DefaultSqlExecutionStrategy.Execute[TResult](Func`1 operation)
   at System.Data.Entity.Core.Objects.ObjectQuery`1.GetResults(Nullable`1 forMergeOption)
   at System.Data.Entity.Core.Objects.ObjectQuery`1.<System.Collections.Generic.IEnumerable<T>.GetEnumerator>b__0()
   at System.Data.Entity.Internal.LazyEnumerator`1.MoveNext()
   at System.Collections.Generic.List`1..ctor(IEnumerable`1 collection)
   at System.Linq.Enumerable.ToList[TSource](IEnumerable`1 source)
   at BLL.AccountRepository.GetUsersInRolesByUserId(Int32 userId) in C:\Users\Kevin Lau\Documents\Visual Studio 2013\Projects\WordCollocation2015_wc\BLL\AccountRepository.cs:line 237
   at UI.MvcApplication.Application_PostAuthenticateRequest(Object sender, EventArgs e) in C:\Users\Kevin Lau\Documents\Visual Studio 2013\Projects\WordCollocation2015_wc\UI\Global.asax.cs:line 50

ERROR : 2015-08-03 16:17:58,756 197009ms MvcApplication         uthenticateRequest - An error occurred while executing the command definition. See the inner exception for details.System.Data.Entity.Core.EntityCommandExecutionException: An error occurred while executing the command definition. See the inner exception for details. ---> System.Data.SqlClient.SqlException: Invalid object name 'dbo.UsersInRoles'.
   at System.Data.SqlClient.SqlConnection.OnError(SqlException exception, Boolean breakConnection, Action`1 wrapCloseInAction)
   at System.Data.SqlClient.TdsParser.ThrowExceptionAndWarning(TdsParserStateObject stateObj, Boolean callerHasConnectionLock, Boolean asyncClose)
   at System.Data.SqlClient.TdsParser.TryRun(RunBehavior runBehavior, SqlCommand cmdHandler, SqlDataReader dataStream, BulkCopySimpleResultSet bulkCopyHandler, TdsParserStateObject stateObj, Boolean& dataReady)
   at System.Data.SqlClient.SqlDataReader.TryConsumeMetaData()
   at System.Data.SqlClient.SqlDataReader.get_MetaData()
   at System.Data.SqlClient.SqlCommand.FinishExecuteReader(SqlDataReader ds, RunBehavior runBehavior, String resetOptionsString)
   at System.Data.SqlClient.SqlCommand.RunExecuteReaderTds(CommandBehavior cmdBehavior, RunBehavior runBehavior, Boolean returnStream, Boolean async, Int32 timeout, Task& task, Boolean asyncWrite, SqlDataReader ds, Boolean describeParameterEncryptionRequest)
   at System.Data.SqlClient.SqlCommand.RunExecuteReader(CommandBehavior cmdBehavior, RunBehavior runBehavior, Boolean returnStream, String method, TaskCompletionSource`1 completion, Int32 timeout, Task& task, Boolean asyncWrite)
   at System.Data.SqlClient.SqlCommand.RunExecuteReader(CommandBehavior cmdBehavior, RunBehavior runBehavior, Boolean returnStream, String method)
   at System.Data.SqlClient.SqlCommand.ExecuteReader(CommandBehavior behavior, String method)
   at System.Data.Entity.Infrastructure.Interception.InternalDispatcher`1.Dispatch[TTarget,TInterceptionContext,TResult](TTarget target, Func`3 operation, TInterceptionContext interceptionContext, Action`3 executing, Action`3 executed)
   at System.Data.Entity.Infrastructure.Interception.DbCommandDispatcher.Reader(DbCommand command, DbCommandInterceptionContext interceptionContext)
   at System.Data.Entity.Core.EntityClient.Internal.EntityCommandDefinition.ExecuteStoreCommands(EntityCommand entityCommand, CommandBehavior behavior)
   --- End of inner exception stack trace ---
   at System.Data.Entity.Core.EntityClient.Internal.EntityCommandDefinition.ExecuteStoreCommands(EntityCommand entityCommand, CommandBehavior behavior)
   at System.Data.Entity.Core.Objects.Internal.ObjectQueryExecutionPlan.Execute[TResultType](ObjectContext context, ObjectParameterCollection parameterValues)
   at System.Data.Entity.Core.Objects.ObjectContext.ExecuteInTransaction[T](Func`1 func, IDbExecutionStrategy executionStrategy, Boolean startLocalTransaction, Boolean releaseConnectionOnSuccess)
   at System.Data.Entity.Core.Objects.ObjectQuery`1.<>c__DisplayClass7.<GetResults>b__5()
   at System.Data.Entity.SqlServer.DefaultSqlExecutionStrategy.Execute[TResult](Func`1 operation)
   at System.Data.Entity.Core.Objects.ObjectQuery`1.GetResults(Nullable`1 forMergeOption)
   at System.Data.Entity.Core.Objects.ObjectQuery`1.<System.Collections.Generic.IEnumerable<T>.GetEnumerator>b__0()
   at System.Data.Entity.Internal.LazyEnumerator`1.MoveNext()
   at System.Collections.Generic.List`1..ctor(IEnumerable`1 collection)
   at System.Linq.Enumerable.ToList[TSource](IEnumerable`1 source)
   at BLL.AccountRepository.GetUsersInRolesByUserId(Int32 userId) in C:\Users\Kevin Lau\Documents\Visual Studio 2013\Projects\WordCollocation2015_wc\BLL\AccountRepository.cs:line 237
   at UI.MvcApplication.Application_PostAuthenticateRequest(Object sender, EventArgs e) in C:\Users\Kevin Lau\Documents\Visual Studio 2013\Projects\WordCollocation2015_wc\UI\Global.asax.cs:line 50

[Log Ends]

[Log Starts]
[Log Ends]

[Log Starts]
ERROR : 2015-08-03 16:32:13,899   513ms MvcApplication         uthenticateRequest - Object reference not set to an instance of an object.System.NullReferenceException: Object reference not set to an instance of an object.
   at UI.MvcApplication.Application_PostAuthenticateRequest(Object sender, EventArgs e) in C:\Users\Kevin Lau\Documents\Visual Studio 2013\Projects\WordCollocation2015_wc\UI\Global.asax.cs:line 54

[Log Ends]

[Log Starts]
[Log Ends]

[Log Starts]
[Log Ends]

[Log Starts]
[Log Ends]

[Log Starts]
ERROR : 2015-08-03 16:34:00,281 72481ms MvcApplication         uthenticateRequest - Object reference not set to an instance of an object.System.NullReferenceException: Object reference not set to an instance of an object.
   at UI.MvcApplication.Application_PostAuthenticateRequest(Object sender, EventArgs e) in C:\Users\Kevin Lau\Documents\Visual Studio 2013\Projects\WordCollocation2015_wc\UI\Global.asax.cs:line 54

ERROR : 2015-08-03 16:34:59,220 131419ms MvcApplication         uthenticateRequest - Object reference not set to an instance of an object.System.NullReferenceException: Object reference not set to an instance of an object.
   at UI.MvcApplication.Application_PostAuthenticateRequest(Object sender, EventArgs e) in C:\Users\Kevin Lau\Documents\Visual Studio 2013\Projects\WordCollocation2015_wc\UI\Global.asax.cs:line 54

ERROR : 2015-08-03 16:35:05,719 137918ms MvcApplication         uthenticateRequest - Object reference not set to an instance of an object.System.NullReferenceException: Object reference not set to an instance of an object.
   at UI.MvcApplication.Application_PostAuthenticateRequest(Object sender, EventArgs e) in C:\Users\Kevin Lau\Documents\Visual Studio 2013\Projects\WordCollocation2015_wc\UI\Global.asax.cs:line 54

[Log Ends]

[Log Starts]
[Log Ends]

[Log Starts]
[Log Ends]

